mode: set
finpulse/server-go/internal/infrastructure/crypto/block_hash.go:12.108,20.19 3 1
finpulse/server-go/internal/infrastructure/crypto/block_hash.go:20.19,22.3 1 1
finpulse/server-go/internal/infrastructure/crypto/block_hash.go:23.2,26.25 4 1
finpulse/server-go/internal/infrastructure/crypto/block_hash.go:26.25,27.12 1 1
finpulse/server-go/internal/infrastructure/crypto/block_hash.go:27.12,29.4 1 1
finpulse/server-go/internal/infrastructure/crypto/block_hash.go:30.3,34.16 5 1
finpulse/server-go/internal/infrastructure/crypto/block_hash.go:36.2,38.38 3 1
finpulse/server-go/internal/infrastructure/crypto/password.go:9.54,11.2 1 1
finpulse/server-go/internal/infrastructure/crypto/password.go:13.70,15.16 2 1
finpulse/server-go/internal/infrastructure/crypto/password.go:15.16,17.3 1 0
finpulse/server-go/internal/infrastructure/crypto/password.go:18.2,18.23 1 1
finpulse/server-go/internal/infrastructure/crypto/password.go:21.66,24.2 2 1
finpulse/server-go/internal/config/config.go:17.30,28.2 4 1
finpulse/server-go/internal/config/config.go:30.42,31.34 1 1
finpulse/server-go/internal/config/config.go:31.34,33.3 1 1
finpulse/server-go/internal/config/config.go:34.2,34.17 1 1
finpulse/server-go/internal/application/account.go:13.58,15.2 1 1
finpulse/server-go/internal/application/account.go:17.97,19.2 1 1
finpulse/server-go/internal/application/account.go:21.91,23.2 1 1
finpulse/server-go/internal/application/account.go:25.98,27.2 1 1
finpulse/server-go/internal/application/account.go:29.112,31.2 1 1
finpulse/server-go/internal/application/account.go:33.98,35.2 1 1
finpulse/server-go/internal/application/account.go:37.79,39.2 1 1
finpulse/server-go/internal/application/auth.go:31.103,33.2 1 1
finpulse/server-go/internal/application/auth.go:35.38,37.2 1 1
finpulse/server-go/internal/application/auth.go:39.105,42.74 3 1
finpulse/server-go/internal/application/auth.go:42.74,44.3 1 1
finpulse/server-go/internal/application/auth.go:45.2,46.16 2 1
finpulse/server-go/internal/application/auth.go:46.16,48.3 1 0
finpulse/server-go/internal/application/auth.go:49.2,50.35 2 1
finpulse/server-go/internal/application/auth.go:50.35,52.3 1 0
finpulse/server-go/internal/application/auth.go:53.2,53.69 1 1
finpulse/server-go/internal/application/auth.go:56.111,59.16 3 1
finpulse/server-go/internal/application/auth.go:59.16,61.3 1 0
finpulse/server-go/internal/application/auth.go:62.2,62.11 1 1
finpulse/server-go/internal/application/auth.go:62.11,64.3 1 1
finpulse/server-go/internal/application/auth.go:65.2,66.16 2 1
finpulse/server-go/internal/application/auth.go:66.16,68.3 1 0
finpulse/server-go/internal/application/auth.go:69.2,70.16 2 1
finpulse/server-go/internal/application/auth.go:70.16,72.3 1 0
finpulse/server-go/internal/application/auth.go:73.2,73.96 1 1
finpulse/server-go/internal/application/auth.go:73.96,75.3 1 0
finpulse/server-go/internal/application/auth.go:76.2,77.16 2 1
finpulse/server-go/internal/application/auth.go:77.16,79.3 1 0
finpulse/server-go/internal/application/auth.go:80.2,80.69 1 1
finpulse/server-go/internal/application/auth.go:83.103,85.26 2 1
finpulse/server-go/internal/application/auth.go:85.26,87.3 1 1
finpulse/server-go/internal/application/auth.go:88.2,88.48 1 1
finpulse/server-go/internal/application/auth.go:91.71,93.2 1 1
finpulse/server-go/internal/application/auth.go:95.118,98.60 2 1
finpulse/server-go/internal/application/auth.go:98.60,100.3 1 0
finpulse/server-go/internal/application/auth.go:101.2,102.26 2 1
finpulse/server-go/internal/application/auth.go:102.26,104.3 1 0
finpulse/server-go/internal/application/auth.go:105.2,105.57 1 1
finpulse/server-go/internal/application/auth.go:105.57,107.3 1 1
finpulse/server-go/internal/application/auth.go:108.2,109.16 2 1
finpulse/server-go/internal/application/auth.go:109.16,111.3 1 0
finpulse/server-go/internal/application/auth.go:112.2,112.69 1 1
finpulse/server-go/internal/application/blockchain.go:46.113,48.2 1 1
finpulse/server-go/internal/application/blockchain.go:50.161,51.17 1 1
finpulse/server-go/internal/application/blockchain.go:51.17,53.3 1 1
finpulse/server-go/internal/application/blockchain.go:54.2,55.47 2 1
finpulse/server-go/internal/application/blockchain.go:55.47,57.49 2 1
finpulse/server-go/internal/application/blockchain.go:57.49,59.4 1 0
finpulse/server-go/internal/application/blockchain.go:60.3,61.25 2 1
finpulse/server-go/internal/application/blockchain.go:61.25,63.4 1 0
finpulse/server-go/internal/application/blockchain.go:64.3,67.26 4 1
finpulse/server-go/internal/application/blockchain.go:67.26,69.4 1 1
finpulse/server-go/internal/application/blockchain.go:69.9,71.4 1 0
finpulse/server-go/internal/application/blockchain.go:72.3,73.23 2 1
finpulse/server-go/internal/application/blockchain.go:73.23,75.4 1 1
finpulse/server-go/internal/application/blockchain.go:76.3,76.23 1 1
finpulse/server-go/internal/application/blockchain.go:76.23,78.4 1 1
finpulse/server-go/internal/application/blockchain.go:79.3,82.20 4 1
finpulse/server-go/internal/application/blockchain.go:82.20,85.4 2 1
finpulse/server-go/internal/application/blockchain.go:86.3,103.93 5 1
finpulse/server-go/internal/application/blockchain.go:103.93,105.4 1 0
finpulse/server-go/internal/application/blockchain.go:106.3,106.89 1 1
finpulse/server-go/internal/application/blockchain.go:106.89,108.4 1 0
finpulse/server-go/internal/application/blockchain.go:109.3,109.90 1 1
finpulse/server-go/internal/application/blockchain.go:109.90,111.4 1 0
finpulse/server-go/internal/application/blockchain.go:112.3,113.13 2 1
finpulse/server-go/internal/application/blockchain.go:115.2,115.16 1 1
finpulse/server-go/internal/application/blockchain.go:115.16,117.3 1 1
finpulse/server-go/internal/application/blockchain.go:118.2,118.20 1 1
finpulse/server-go/internal/application/blockchain.go:121.106,123.2 1 1
finpulse/server-go/internal/application/blockchain.go:125.137,126.17 1 1
finpulse/server-go/internal/application/blockchain.go:126.17,128.3 1 1
finpulse/server-go/internal/application/blockchain.go:129.2,130.47 2 1
finpulse/server-go/internal/application/blockchain.go:130.47,134.3 3 1
finpulse/server-go/internal/application/blockchain.go:135.2,135.16 1 1
finpulse/server-go/internal/application/blockchain.go:135.16,137.3 1 0
finpulse/server-go/internal/application/blockchain.go:138.2,138.15 1 1
finpulse/server-go/internal/application/blockchain.go:141.102,143.2 1 1
finpulse/server-go/internal/application/blockchain.go:145.98,147.2 1 1
finpulse/server-go/internal/application/blockchain.go:149.141,151.16 2 1
finpulse/server-go/internal/application/blockchain.go:151.16,153.3 1 0
finpulse/server-go/internal/application/blockchain.go:154.2,155.16 2 1
finpulse/server-go/internal/application/blockchain.go:155.16,157.3 1 0
finpulse/server-go/internal/application/blockchain.go:158.2,158.24 1 1
finpulse/server-go/internal/application/blockchain.go:161.112,163.2 1 1
finpulse/server-go/internal/application/bond.go:13.49,15.2 1 1
finpulse/server-go/internal/application/bond.go:17.91,19.2 1 1
finpulse/server-go/internal/application/bond.go:21.85,23.2 1 1
finpulse/server-go/internal/application/bond.go:25.89,27.2 1 1
finpulse/server-go/internal/application/bond.go:29.103,31.2 1 1
finpulse/server-go/internal/application/bond.go:33.89,35.2 1 1
finpulse/server-go/internal/application/bond.go:37.76,39.2 1 1
finpulse/server-go/internal/application/cash_transaction.go:13.82,15.2 1 1
finpulse/server-go/internal/application/cash_transaction.go:17.113,19.2 1 1
finpulse/server-go/internal/application/cash_transaction.go:21.107,23.2 1 1
finpulse/server-go/internal/application/cash_transaction.go:25.122,27.2 1 1
finpulse/server-go/internal/application/cash_transaction.go:29.136,31.2 1 1
finpulse/server-go/internal/application/cash_transaction.go:33.122,35.2 1 1
finpulse/server-go/internal/application/cash_transaction.go:37.87,39.2 1 1
finpulse/server-go/internal/application/customer.go:13.61,15.2 1 1
finpulse/server-go/internal/application/customer.go:17.99,19.2 1 1
finpulse/server-go/internal/application/customer.go:21.93,23.2 1 1
finpulse/server-go/internal/application/customer.go:25.101,27.2 1 1
finpulse/server-go/internal/application/customer.go:29.115,31.2 1 1
finpulse/server-go/internal/application/customer.go:33.101,35.2 1 1
finpulse/server-go/internal/application/customer.go:37.80,39.2 1 1
finpulse/server-go/internal/application/instruments.go:13.69,15.2 1 1
finpulse/server-go/internal/application/instruments.go:17.104,19.2 1 1
finpulse/server-go/internal/application/instruments.go:21.98,23.2 1 1
finpulse/server-go/internal/application/instruments.go:25.108,27.2 1 1
finpulse/server-go/internal/application/instruments.go:29.122,31.2 1 1
finpulse/server-go/internal/application/instruments.go:33.108,35.2 1 1
finpulse/server-go/internal/application/instruments.go:37.83,39.2 1 1
finpulse/server-go/internal/application/market_data.go:13.67,15.2 1 1
finpulse/server-go/internal/application/market_data.go:17.103,19.2 1 1
finpulse/server-go/internal/application/market_data.go:21.97,23.2 1 1
finpulse/server-go/internal/application/market_data.go:25.107,27.2 1 1
finpulse/server-go/internal/application/market_data.go:29.121,31.2 1 1
finpulse/server-go/internal/application/market_data.go:33.107,35.2 1 1
finpulse/server-go/internal/application/market_data.go:37.82,39.2 1 1
finpulse/server-go/internal/application/option.go:13.55,15.2 1 1
finpulse/server-go/internal/application/option.go:17.95,19.2 1 1
finpulse/server-go/internal/application/option.go:21.89,23.2 1 1
finpulse/server-go/internal/application/option.go:25.95,27.2 1 1
finpulse/server-go/internal/application/option.go:29.109,31.2 1 1
finpulse/server-go/internal/application/option.go:33.95,35.2 1 1
finpulse/server-go/internal/application/option.go:37.78,39.2 1 1
finpulse/server-go/internal/application/order.go:13.52,15.2 1 1
finpulse/server-go/internal/application/order.go:17.93,19.2 1 1
finpulse/server-go/internal/application/order.go:21.87,23.2 1 1
finpulse/server-go/internal/application/order.go:25.92,27.2 1 1
finpulse/server-go/internal/application/order.go:29.106,31.2 1 1
finpulse/server-go/internal/application/order.go:33.92,35.2 1 1
finpulse/server-go/internal/application/order.go:37.77,39.2 1 1
finpulse/server-go/internal/application/payment.go:13.58,15.2 1 1
finpulse/server-go/internal/application/payment.go:17.97,19.2 1 1
finpulse/server-go/internal/application/payment.go:21.91,23.2 1 1
finpulse/server-go/internal/application/payment.go:25.98,27.2 1 1
finpulse/server-go/internal/application/payment.go:29.112,31.2 1 1
finpulse/server-go/internal/application/payment.go:33.98,35.2 1 1
finpulse/server-go/internal/application/payment.go:37.79,39.2 1 1
finpulse/server-go/internal/application/portfolio.go:13.64,15.2 1 1
finpulse/server-go/internal/application/portfolio.go:17.107,19.2 1 1
finpulse/server-go/internal/application/portfolio.go:21.101,23.2 1 1
finpulse/server-go/internal/application/portfolio.go:25.116,27.2 1 1
finpulse/server-go/internal/application/portfolio.go:29.130,31.2 1 1
finpulse/server-go/internal/application/portfolio.go:33.116,35.2 1 1
finpulse/server-go/internal/application/portfolio.go:37.81,39.2 1 1
finpulse/server-go/internal/application/position.go:13.61,15.2 1 1
finpulse/server-go/internal/application/position.go:17.99,19.2 1 1
finpulse/server-go/internal/application/position.go:21.93,23.2 1 1
finpulse/server-go/internal/application/position.go:25.101,27.2 1 1
finpulse/server-go/internal/application/position.go:29.115,31.2 1 1
finpulse/server-go/internal/application/position.go:33.101,35.2 1 1
finpulse/server-go/internal/application/position.go:37.80,39.2 1 1
finpulse/server-go/internal/application/quotes.go:14.60,16.2 1 1
finpulse/server-go/internal/application/quotes.go:18.110,19.24 1 1
finpulse/server-go/internal/application/quotes.go:19.24,21.3 1 1
finpulse/server-go/internal/application/quotes.go:22.2,23.53 2 1
finpulse/server-go/internal/application/quotes.go:23.53,25.14 2 1
finpulse/server-go/internal/application/quotes.go:25.14,27.4 1 1
finpulse/server-go/internal/application/quotes.go:29.2,29.23 1 1
finpulse/server-go/internal/application/quotes.go:29.23,31.3 1 1
finpulse/server-go/internal/application/quotes.go:32.2,33.16 2 1
finpulse/server-go/internal/application/quotes.go:33.16,35.3 1 1
finpulse/server-go/internal/application/quotes.go:36.2,37.25 2 1
finpulse/server-go/internal/application/quotes.go:37.25,39.3 1 1
finpulse/server-go/internal/application/quotes.go:40.2,40.17 1 1
finpulse/server-go/internal/application/settlement.go:13.67,15.2 1 1
finpulse/server-go/internal/application/settlement.go:17.103,19.2 1 1
finpulse/server-go/internal/application/settlement.go:21.97,23.2 1 1
finpulse/server-go/internal/application/settlement.go:25.108,27.2 1 1
finpulse/server-go/internal/application/settlement.go:29.121,31.2 1 1
finpulse/server-go/internal/application/settlement.go:33.108,35.2 1 1
finpulse/server-go/internal/application/settlement.go:37.82,39.2 1 1
finpulse/server-go/internal/application/trade.go:13.52,15.2 1 1
finpulse/server-go/internal/application/trade.go:17.93,19.2 1 1
finpulse/server-go/internal/application/trade.go:21.87,23.2 1 1
finpulse/server-go/internal/application/trade.go:25.92,27.2 1 1
finpulse/server-go/internal/application/trade.go:29.106,31.2 1 1
finpulse/server-go/internal/application/trade.go:33.92,35.2 1 1
finpulse/server-go/internal/application/trade.go:37.77,39.2 1 1
finpulse/server-go/internal/application/user_preference.go:13.79,15.2 1 1
finpulse/server-go/internal/application/user_preference.go:17.111,19.2 1 1
finpulse/server-go/internal/application/user_preference.go:21.105,23.2 1 1
finpulse/server-go/internal/application/user_preference.go:25.119,27.2 1 1
finpulse/server-go/internal/application/user_preference.go:29.133,31.2 1 1
finpulse/server-go/internal/application/user_preference.go:33.119,35.2 1 1
finpulse/server-go/internal/application/user_preference.go:37.86,39.2 1 1
finpulse/server-go/internal/application/watchlist.go:13.64,15.2 1 1
finpulse/server-go/internal/application/watchlist.go:17.101,19.2 1 1
finpulse/server-go/internal/application/watchlist.go:21.95,23.2 1 1
finpulse/server-go/internal/application/watchlist.go:25.104,27.2 1 1
finpulse/server-go/internal/application/watchlist.go:29.118,31.2 1 1
finpulse/server-go/internal/application/watchlist.go:33.104,35.2 1 1
finpulse/server-go/internal/application/watchlist.go:37.81,39.2 1 1
finpulse/server-go/internal/application/watchlist_item.go:13.76,15.2 1 1
finpulse/server-go/internal/application/watchlist_item.go:17.109,19.2 1 1
finpulse/server-go/internal/application/watchlist_item.go:21.103,23.2 1 1
finpulse/server-go/internal/application/watchlist_item.go:25.116,27.2 1 1
finpulse/server-go/internal/application/watchlist_item.go:29.130,31.2 1 1
finpulse/server-go/internal/application/watchlist_item.go:33.116,35.2 1 1
finpulse/server-go/internal/application/watchlist_item.go:37.85,39.2 1 1
finpulse/server-go/cmd/server/main.go:26.13,28.16 2 0
finpulse/server-go/cmd/server/main.go:28.16,30.3 1 0
finpulse/server-go/cmd/server/main.go:31.2,32.16 2 0
finpulse/server-go/cmd/server/main.go:32.16,34.3 1 0
finpulse/server-go/cmd/server/main.go:35.2,36.56 2 0
finpulse/server-go/cmd/server/main.go:36.56,38.3 1 0
finpulse/server-go/cmd/server/main.go:39.2,52.24 14 0
finpulse/server-go/cmd/server/main.go:52.24,53.60 1 0
finpulse/server-go/cmd/server/main.go:53.60,55.71 2 0
finpulse/server-go/cmd/server/main.go:55.71,57.5 1 0
finpulse/server-go/cmd/server/main.go:60.2,223.12 143 0
finpulse/server-go/cmd/server/main.go:223.12,224.77 1 0
finpulse/server-go/cmd/server/main.go:224.77,226.4 1 0
finpulse/server-go/cmd/server/main.go:228.2,232.59 5 0
finpulse/server-go/cmd/server/main.go:232.59,234.3 1 0
finpulse/server-go/cmd/server/main.go:237.29,238.30 1 1
finpulse/server-go/cmd/server/main.go:238.30,242.45 4 1
finpulse/server-go/cmd/server/main.go:242.45,245.4 2 0
finpulse/server-go/cmd/server/main.go:246.3,246.11 1 1
finpulse/server-go/internal/handler/auth.go:14.45,16.47 2 0
finpulse/server-go/internal/handler/auth.go:16.47,19.3 2 0
finpulse/server-go/internal/handler/auth.go:20.2,21.16 2 0
finpulse/server-go/internal/handler/auth.go:21.16,22.56 1 0
finpulse/server-go/internal/handler/auth.go:22.56,25.4 2 0
finpulse/server-go/internal/handler/auth.go:26.3,27.9 2 0
finpulse/server-go/internal/handler/auth.go:29.2,29.29 1 0
finpulse/server-go/internal/handler/auth.go:32.48,34.47 2 0
finpulse/server-go/internal/handler/auth.go:34.47,37.3 2 0
finpulse/server-go/internal/handler/auth.go:38.2,39.16 2 0
finpulse/server-go/internal/handler/auth.go:39.16,40.60 1 0
finpulse/server-go/internal/handler/auth.go:40.60,43.4 2 0
finpulse/server-go/internal/handler/auth.go:44.3,45.9 2 0
finpulse/server-go/internal/handler/auth.go:47.2,47.34 1 0
finpulse/server-go/internal/handler/auth.go:50.42,52.17 2 0
finpulse/server-go/internal/handler/auth.go:52.17,55.3 2 0
finpulse/server-go/internal/handler/auth.go:56.2,57.35 2 0
finpulse/server-go/internal/handler/auth.go:57.35,60.3 2 0
finpulse/server-go/internal/handler/auth.go:61.2,61.33 1 0
finpulse/server-go/internal/handler/auth.go:64.46,66.17 2 0
finpulse/server-go/internal/handler/auth.go:66.17,69.3 2 0
finpulse/server-go/internal/handler/auth.go:70.2,71.32 2 0
finpulse/server-go/internal/handler/auth.go:74.54,76.17 2 0
finpulse/server-go/internal/handler/auth.go:76.17,79.3 2 0
finpulse/server-go/internal/handler/auth.go:80.2,81.35 2 0
finpulse/server-go/internal/handler/auth.go:81.35,84.3 2 0
finpulse/server-go/internal/handler/auth.go:85.2,86.47 2 0
finpulse/server-go/internal/handler/auth.go:86.47,89.3 2 0
finpulse/server-go/internal/handler/auth.go:90.2,91.16 2 0
finpulse/server-go/internal/handler/auth.go:91.16,92.56 1 0
finpulse/server-go/internal/handler/auth.go:92.56,95.4 2 0
finpulse/server-go/internal/handler/auth.go:96.3,97.9 2 0
finpulse/server-go/internal/handler/auth.go:99.2,99.42 1 0
finpulse/server-go/internal/handler/auth.go:102.41,104.55 2 1
finpulse/server-go/internal/handler/auth.go:104.55,106.3 1 1
finpulse/server-go/internal/handler/auth.go:107.2,107.36 1 1
finpulse/server-go/internal/handler/blockchain.go:19.57,25.48 2 0
finpulse/server-go/internal/handler/blockchain.go:25.48,28.3 2 0
finpulse/server-go/internal/handler/blockchain.go:29.2,29.25 1 0
finpulse/server-go/internal/handler/blockchain.go:29.25,31.3 1 0
finpulse/server-go/internal/handler/blockchain.go:32.2,33.16 2 0
finpulse/server-go/internal/handler/blockchain.go:33.16,34.51 1 0
finpulse/server-go/internal/handler/blockchain.go:34.51,37.4 2 0
finpulse/server-go/internal/handler/blockchain.go:38.3,39.9 2 0
finpulse/server-go/internal/handler/blockchain.go:41.2,41.20 1 0
finpulse/server-go/internal/handler/blockchain.go:41.20,43.3 1 0
finpulse/server-go/internal/handler/blockchain.go:44.2,48.4 1 0
finpulse/server-go/internal/handler/blockchain.go:51.56,53.36 2 0
finpulse/server-go/internal/handler/blockchain.go:53.36,54.66 1 0
finpulse/server-go/internal/handler/blockchain.go:54.66,56.4 1 0
finpulse/server-go/internal/handler/blockchain.go:58.2,58.37 1 0
finpulse/server-go/internal/handler/blockchain.go:58.37,59.54 1 0
finpulse/server-go/internal/handler/blockchain.go:59.54,61.4 1 0
finpulse/server-go/internal/handler/blockchain.go:63.2,64.20 2 0
finpulse/server-go/internal/handler/blockchain.go:64.20,65.93 1 0
finpulse/server-go/internal/handler/blockchain.go:65.93,68.4 2 0
finpulse/server-go/internal/handler/blockchain.go:70.2,71.16 2 0
finpulse/server-go/internal/handler/blockchain.go:71.16,74.3 2 0
finpulse/server-go/internal/handler/blockchain.go:75.2,76.27 2 0
finpulse/server-go/internal/handler/blockchain.go:76.27,78.3 1 0
finpulse/server-go/internal/handler/blockchain.go:79.2,79.20 1 0
finpulse/server-go/internal/handler/blockchain.go:79.20,81.3 1 0
finpulse/server-go/internal/handler/blockchain.go:82.2,82.29 1 0
finpulse/server-go/internal/handler/blockchain.go:85.54,87.16 2 0
finpulse/server-go/internal/handler/blockchain.go:87.16,90.3 2 0
finpulse/server-go/internal/handler/blockchain.go:91.2,92.20 2 0
finpulse/server-go/internal/handler/blockchain.go:92.20,93.93 1 0
finpulse/server-go/internal/handler/blockchain.go:93.93,96.4 2 0
finpulse/server-go/internal/handler/blockchain.go:98.2,99.16 2 0
finpulse/server-go/internal/handler/blockchain.go:99.16,100.46 1 0
finpulse/server-go/internal/handler/blockchain.go:100.46,103.4 2 0
finpulse/server-go/internal/handler/blockchain.go:104.3,105.9 2 0
finpulse/server-go/internal/handler/blockchain.go:107.2,108.24 2 0
finpulse/server-go/internal/handler/blockchain.go:108.24,110.3 1 0
finpulse/server-go/internal/handler/blockchain.go:111.2,115.20 2 0
finpulse/server-go/internal/handler/blockchain.go:115.20,117.3 1 0
finpulse/server-go/internal/handler/blockchain.go:118.2,118.29 1 0
finpulse/server-go/internal/handler/blockchain.go:121.54,128.48 2 0
finpulse/server-go/internal/handler/blockchain.go:128.48,131.3 2 0
finpulse/server-go/internal/handler/blockchain.go:132.2,132.25 1 0
finpulse/server-go/internal/handler/blockchain.go:132.25,134.3 1 0
finpulse/server-go/internal/handler/blockchain.go:135.2,136.16 2 0
finpulse/server-go/internal/handler/blockchain.go:136.16,137.105 1 0
finpulse/server-go/internal/handler/blockchain.go:137.105,140.4 2 0
finpulse/server-go/internal/handler/blockchain.go:141.3,142.9 2 0
finpulse/server-go/internal/handler/blockchain.go:144.2,144.20 1 0
finpulse/server-go/internal/handler/blockchain.go:144.20,146.3 1 0
finpulse/server-go/internal/handler/blockchain.go:147.2,147.43 1 0
finpulse/server-go/internal/handler/blockchain.go:150.60,153.20 3 0
finpulse/server-go/internal/handler/blockchain.go:153.20,154.93 1 0
finpulse/server-go/internal/handler/blockchain.go:154.93,157.4 2 0
finpulse/server-go/internal/handler/blockchain.go:159.2,160.16 2 0
finpulse/server-go/internal/handler/blockchain.go:160.16,161.46 1 0
finpulse/server-go/internal/handler/blockchain.go:161.46,164.4 2 0
finpulse/server-go/internal/handler/blockchain.go:165.3,166.9 2 0
finpulse/server-go/internal/handler/blockchain.go:168.2,169.20 2 0
finpulse/server-go/internal/handler/blockchain.go:169.20,171.3 1 0
finpulse/server-go/internal/handler/blockchain.go:172.2,172.29 1 0
finpulse/server-go/internal/handler/blockchain.go:175.56,177.21 2 0
finpulse/server-go/internal/handler/blockchain.go:177.21,180.3 2 0
finpulse/server-go/internal/handler/blockchain.go:181.2,183.20 3 0
finpulse/server-go/internal/handler/blockchain.go:183.20,184.93 1 0
finpulse/server-go/internal/handler/blockchain.go:184.93,187.4 2 0
finpulse/server-go/internal/handler/blockchain.go:189.2,190.16 2 0
finpulse/server-go/internal/handler/blockchain.go:190.16,193.3 2 0
finpulse/server-go/internal/handler/blockchain.go:194.2,199.20 2 0
finpulse/server-go/internal/handler/blockchain.go:199.20,201.3 1 0
finpulse/server-go/internal/handler/blockchain.go:202.2,202.29 1 0
finpulse/server-go/internal/handler/blockchain.go:205.40,213.2 1 1
finpulse/server-go/internal/handler/blockchain.go:215.48,225.2 1 1
finpulse/server-go/internal/handler/bond_option.go:15.45,16.47 1 0
finpulse/server-go/internal/handler/bond_option.go:16.47,20.3 3 0
finpulse/server-go/internal/handler/bond_option.go:23.44,25.41 1 0
finpulse/server-go/internal/handler/bond_option.go:25.41,25.94 1 0
finpulse/server-go/internal/handler/bond_option.go:29.47,40.48 2 0
finpulse/server-go/internal/handler/bond_option.go:40.48,43.3 2 0
finpulse/server-go/internal/handler/bond_option.go:44.2,56.16 3 0
finpulse/server-go/internal/handler/bond_option.go:56.16,59.3 2 0
finpulse/server-go/internal/handler/bond_option.go:60.2,60.50 1 0
finpulse/server-go/internal/handler/bond_option.go:63.52,74.48 2 0
finpulse/server-go/internal/handler/bond_option.go:74.48,77.3 2 0
finpulse/server-go/internal/handler/bond_option.go:78.2,79.25 2 0
finpulse/server-go/internal/handler/bond_option.go:79.25,91.3 1 0
finpulse/server-go/internal/handler/bond_option.go:92.2,93.16 2 0
finpulse/server-go/internal/handler/bond_option.go:93.16,96.3 2 0
finpulse/server-go/internal/handler/bond_option.go:97.2,98.28 2 0
finpulse/server-go/internal/handler/bond_option.go:98.28,100.3 1 0
finpulse/server-go/internal/handler/bond_option.go:101.2,101.33 1 0
finpulse/server-go/internal/handler/bond_option.go:104.47,116.48 3 0
finpulse/server-go/internal/handler/bond_option.go:116.48,119.3 2 0
finpulse/server-go/internal/handler/bond_option.go:120.2,132.16 3 0
finpulse/server-go/internal/handler/bond_option.go:132.16,133.46 1 0
finpulse/server-go/internal/handler/bond_option.go:133.46,136.4 2 0
finpulse/server-go/internal/handler/bond_option.go:137.3,138.9 2 0
finpulse/server-go/internal/handler/bond_option.go:140.2,140.45 1 0
finpulse/server-go/internal/handler/bond_option.go:143.47,144.78 1 0
finpulse/server-go/internal/handler/bond_option.go:144.78,146.3 1 0
finpulse/server-go/internal/handler/bond_option.go:149.38,161.2 1 1
finpulse/server-go/internal/handler/bond_option.go:163.47,164.49 1 0
finpulse/server-go/internal/handler/bond_option.go:164.49,168.3 3 0
finpulse/server-go/internal/handler/bond_option.go:171.46,173.43 1 0
finpulse/server-go/internal/handler/bond_option.go:173.43,173.98 1 0
finpulse/server-go/internal/handler/bond_option.go:177.49,194.48 2 0
finpulse/server-go/internal/handler/bond_option.go:194.48,197.3 2 0
finpulse/server-go/internal/handler/bond_option.go:198.2,199.16 2 0
finpulse/server-go/internal/handler/bond_option.go:199.16,201.3 1 0
finpulse/server-go/internal/handler/bond_option.go:202.2,202.16 1 0
finpulse/server-go/internal/handler/bond_option.go:202.16,205.3 2 0
finpulse/server-go/internal/handler/bond_option.go:206.2,224.16 3 0
finpulse/server-go/internal/handler/bond_option.go:224.16,227.3 2 0
finpulse/server-go/internal/handler/bond_option.go:228.2,228.52 1 0
finpulse/server-go/internal/handler/bond_option.go:231.54,248.48 2 0
finpulse/server-go/internal/handler/bond_option.go:248.48,251.3 2 0
finpulse/server-go/internal/handler/bond_option.go:252.2,253.25 2 0
finpulse/server-go/internal/handler/bond_option.go:253.25,255.17 2 0
finpulse/server-go/internal/handler/bond_option.go:255.17,257.4 1 0
finpulse/server-go/internal/handler/bond_option.go:258.3,258.17 1 0
finpulse/server-go/internal/handler/bond_option.go:258.17,261.4 2 0
finpulse/server-go/internal/handler/bond_option.go:262.3,278.4 1 0
finpulse/server-go/internal/handler/bond_option.go:280.2,281.16 2 0
finpulse/server-go/internal/handler/bond_option.go:281.16,284.3 2 0
finpulse/server-go/internal/handler/bond_option.go:285.2,286.28 2 0
finpulse/server-go/internal/handler/bond_option.go:286.28,288.3 1 0
finpulse/server-go/internal/handler/bond_option.go:289.2,289.33 1 0
finpulse/server-go/internal/handler/bond_option.go:292.49,310.48 3 0
finpulse/server-go/internal/handler/bond_option.go:310.48,313.3 2 0
finpulse/server-go/internal/handler/bond_option.go:314.2,315.16 2 0
finpulse/server-go/internal/handler/bond_option.go:315.16,317.3 1 0
finpulse/server-go/internal/handler/bond_option.go:318.2,318.16 1 0
finpulse/server-go/internal/handler/bond_option.go:318.16,321.3 2 0
finpulse/server-go/internal/handler/bond_option.go:322.2,340.16 3 0
finpulse/server-go/internal/handler/bond_option.go:340.16,341.46 1 0
finpulse/server-go/internal/handler/bond_option.go:341.46,344.4 2 0
finpulse/server-go/internal/handler/bond_option.go:345.3,346.9 2 0
finpulse/server-go/internal/handler/bond_option.go:348.2,348.47 1 0
finpulse/server-go/internal/handler/bond_option.go:351.49,352.82 1 0
finpulse/server-go/internal/handler/bond_option.go:352.82,354.3 1 0
finpulse/server-go/internal/handler/bond_option.go:357.42,375.2 1 1
finpulse/server-go/internal/handler/customer_account.go:14.49,18.16 4 0
finpulse/server-go/internal/handler/customer_account.go:18.16,21.3 2 0
finpulse/server-go/internal/handler/customer_account.go:22.2,23.25 2 0
finpulse/server-go/internal/handler/customer_account.go:23.25,25.3 1 0
finpulse/server-go/internal/handler/customer_account.go:26.2,26.28 1 0
finpulse/server-go/internal/handler/customer_account.go:29.48,32.16 3 0
finpulse/server-go/internal/handler/customer_account.go:32.16,33.46 1 0
finpulse/server-go/internal/handler/customer_account.go:33.46,36.4 2 0
finpulse/server-go/internal/handler/customer_account.go:37.3,38.9 2 0
finpulse/server-go/internal/handler/customer_account.go:40.2,40.53 1 0
finpulse/server-go/internal/handler/customer_account.go:43.51,49.48 2 0
finpulse/server-go/internal/handler/customer_account.go:49.48,52.3 2 0
finpulse/server-go/internal/handler/customer_account.go:53.2,60.16 3 0
finpulse/server-go/internal/handler/customer_account.go:60.16,63.3 2 0
finpulse/server-go/internal/handler/customer_account.go:64.2,65.92 2 0
finpulse/server-go/internal/handler/customer_account.go:65.92,68.3 2 0
finpulse/server-go/internal/handler/customer_account.go:69.2,69.61 1 0
finpulse/server-go/internal/handler/customer_account.go:72.56,78.48 2 0
finpulse/server-go/internal/handler/customer_account.go:78.48,81.3 2 0
finpulse/server-go/internal/handler/customer_account.go:82.2,83.25 2 0
finpulse/server-go/internal/handler/customer_account.go:83.25,90.3 1 0
finpulse/server-go/internal/handler/customer_account.go:91.2,92.16 2 0
finpulse/server-go/internal/handler/customer_account.go:92.16,95.3 2 0
finpulse/server-go/internal/handler/customer_account.go:96.2,97.28 2 0
finpulse/server-go/internal/handler/customer_account.go:97.28,99.3 1 0
finpulse/server-go/internal/handler/customer_account.go:100.2,100.33 1 0
finpulse/server-go/internal/handler/customer_account.go:103.51,110.48 3 0
finpulse/server-go/internal/handler/customer_account.go:110.48,113.3 2 0
finpulse/server-go/internal/handler/customer_account.go:114.2,115.16 2 0
finpulse/server-go/internal/handler/customer_account.go:115.16,116.46 1 0
finpulse/server-go/internal/handler/customer_account.go:116.46,119.4 2 0
finpulse/server-go/internal/handler/customer_account.go:120.3,121.9 2 0
finpulse/server-go/internal/handler/customer_account.go:123.2,131.16 3 0
finpulse/server-go/internal/handler/customer_account.go:131.16,134.3 2 0
finpulse/server-go/internal/handler/customer_account.go:135.2,135.54 1 0
finpulse/server-go/internal/handler/customer_account.go:138.51,141.16 3 0
finpulse/server-go/internal/handler/customer_account.go:141.16,144.3 2 0
finpulse/server-go/internal/handler/customer_account.go:145.2,145.9 1 0
finpulse/server-go/internal/handler/customer_account.go:145.9,148.3 2 0
finpulse/server-go/internal/handler/customer_account.go:149.2,149.32 1 0
finpulse/server-go/internal/handler/customer_account.go:152.64,160.20 2 1
finpulse/server-go/internal/handler/customer_account.go:160.20,162.3 1 1
finpulse/server-go/internal/handler/customer_account.go:163.2,163.10 1 1
finpulse/server-go/internal/handler/customer_account.go:166.48,170.16 4 0
finpulse/server-go/internal/handler/customer_account.go:170.16,173.3 2 0
finpulse/server-go/internal/handler/customer_account.go:174.2,175.25 2 0
finpulse/server-go/internal/handler/customer_account.go:175.25,177.3 1 0
finpulse/server-go/internal/handler/customer_account.go:178.2,178.28 1 0
finpulse/server-go/internal/handler/customer_account.go:181.47,184.16 3 0
finpulse/server-go/internal/handler/customer_account.go:184.16,185.46 1 0
finpulse/server-go/internal/handler/customer_account.go:185.46,188.4 2 0
finpulse/server-go/internal/handler/customer_account.go:189.3,190.9 2 0
finpulse/server-go/internal/handler/customer_account.go:192.2,192.47 1 0
finpulse/server-go/internal/handler/customer_account.go:195.50,202.48 2 0
finpulse/server-go/internal/handler/customer_account.go:202.48,205.3 2 0
finpulse/server-go/internal/handler/customer_account.go:206.2,206.23 1 0
finpulse/server-go/internal/handler/customer_account.go:206.23,208.3 1 0
finpulse/server-go/internal/handler/customer_account.go:209.2,217.16 3 0
finpulse/server-go/internal/handler/customer_account.go:217.16,220.3 2 0
finpulse/server-go/internal/handler/customer_account.go:221.2,221.53 1 0
finpulse/server-go/internal/handler/customer_account.go:224.55,231.48 2 0
finpulse/server-go/internal/handler/customer_account.go:231.48,234.3 2 0
finpulse/server-go/internal/handler/customer_account.go:235.2,236.25 2 0
finpulse/server-go/internal/handler/customer_account.go:236.25,238.19 2 0
finpulse/server-go/internal/handler/customer_account.go:238.19,240.4 1 0
finpulse/server-go/internal/handler/customer_account.go:241.3,247.4 1 0
finpulse/server-go/internal/handler/customer_account.go:249.2,250.16 2 0
finpulse/server-go/internal/handler/customer_account.go:250.16,253.3 2 0
finpulse/server-go/internal/handler/customer_account.go:254.2,255.28 2 0
finpulse/server-go/internal/handler/customer_account.go:255.28,257.3 1 0
finpulse/server-go/internal/handler/customer_account.go:258.2,258.33 1 0
finpulse/server-go/internal/handler/customer_account.go:261.50,269.48 3 0
finpulse/server-go/internal/handler/customer_account.go:269.48,272.3 2 0
finpulse/server-go/internal/handler/customer_account.go:273.2,274.16 2 0
finpulse/server-go/internal/handler/customer_account.go:274.16,275.46 1 0
finpulse/server-go/internal/handler/customer_account.go:275.46,278.4 2 0
finpulse/server-go/internal/handler/customer_account.go:279.3,280.9 2 0
finpulse/server-go/internal/handler/customer_account.go:282.2,291.16 3 0
finpulse/server-go/internal/handler/customer_account.go:291.16,294.3 2 0
finpulse/server-go/internal/handler/customer_account.go:295.2,295.48 1 0
finpulse/server-go/internal/handler/customer_account.go:298.50,301.16 3 0
finpulse/server-go/internal/handler/customer_account.go:301.16,304.3 2 0
finpulse/server-go/internal/handler/customer_account.go:305.2,305.9 1 0
finpulse/server-go/internal/handler/customer_account.go:305.9,308.3 2 0
finpulse/server-go/internal/handler/customer_account.go:309.2,309.32 1 0
finpulse/server-go/internal/handler/customer_account.go:312.44,321.2 1 1
finpulse/server-go/internal/handler/handler.go:34.42,36.2 1 1
finpulse/server-go/internal/handler/handler.go:38.42,40.16 2 0
finpulse/server-go/internal/handler/handler.go:40.16,43.3 2 0
finpulse/server-go/internal/handler/handler.go:44.2,44.16 1 0
finpulse/server-go/internal/handler/handler.go:44.16,47.3 2 0
finpulse/server-go/internal/handler/handler.go:48.2,48.28 1 0
finpulse/server-go/internal/handler/helpers.go:13.59,14.36 1 1
finpulse/server-go/internal/handler/helpers.go:14.36,15.66 1 1
finpulse/server-go/internal/handler/helpers.go:15.66,17.4 1 1
finpulse/server-go/internal/handler/helpers.go:19.2,19.37 1 1
finpulse/server-go/internal/handler/helpers.go:19.37,20.54 1 1
finpulse/server-go/internal/handler/helpers.go:20.54,22.4 1 1
finpulse/server-go/internal/handler/helpers.go:26.53,28.2 1 1
finpulse/server-go/internal/handler/helpers.go:30.66,31.45 1 1
finpulse/server-go/internal/handler/helpers.go:31.45,34.3 2 1
finpulse/server-go/internal/handler/helpers.go:35.2,35.70 1 1
finpulse/server-go/internal/handler/helpers.go:38.96,42.16 4 1
finpulse/server-go/internal/handler/helpers.go:42.16,45.3 2 1
finpulse/server-go/internal/handler/helpers.go:46.2,47.25 2 1
finpulse/server-go/internal/handler/helpers.go:47.25,49.3 1 1
finpulse/server-go/internal/handler/helpers.go:50.2,50.28 1 1
finpulse/server-go/internal/handler/helpers.go:53.133,56.16 3 1
finpulse/server-go/internal/handler/helpers.go:56.16,57.46 1 1
finpulse/server-go/internal/handler/helpers.go:57.46,60.4 2 1
finpulse/server-go/internal/handler/helpers.go:61.3,62.9 2 1
finpulse/server-go/internal/handler/helpers.go:64.2,64.40 1 1
finpulse/server-go/internal/handler/helpers.go:67.102,70.16 3 1
finpulse/server-go/internal/handler/helpers.go:70.16,73.3 2 1
finpulse/server-go/internal/handler/helpers.go:74.2,74.9 1 1
finpulse/server-go/internal/handler/helpers.go:74.9,77.3 2 1
finpulse/server-go/internal/handler/helpers.go:78.2,78.32 1 1
finpulse/server-go/internal/handler/instrument.go:14.51,18.16 4 0
finpulse/server-go/internal/handler/instrument.go:18.16,21.3 2 0
finpulse/server-go/internal/handler/instrument.go:22.2,23.25 2 0
finpulse/server-go/internal/handler/instrument.go:23.25,25.3 1 0
finpulse/server-go/internal/handler/instrument.go:26.2,26.28 1 0
finpulse/server-go/internal/handler/instrument.go:29.50,32.16 3 0
finpulse/server-go/internal/handler/instrument.go:32.16,33.46 1 0
finpulse/server-go/internal/handler/instrument.go:33.46,36.4 2 0
finpulse/server-go/internal/handler/instrument.go:37.3,38.9 2 0
finpulse/server-go/internal/handler/instrument.go:40.2,40.50 1 0
finpulse/server-go/internal/handler/instrument.go:43.53,51.48 2 0
finpulse/server-go/internal/handler/instrument.go:51.48,54.3 2 0
finpulse/server-go/internal/handler/instrument.go:55.2,64.16 3 0
finpulse/server-go/internal/handler/instrument.go:64.16,67.3 2 0
finpulse/server-go/internal/handler/instrument.go:68.2,68.56 1 0
finpulse/server-go/internal/handler/instrument.go:71.58,79.48 2 0
finpulse/server-go/internal/handler/instrument.go:79.48,82.3 2 0
finpulse/server-go/internal/handler/instrument.go:83.2,84.25 2 0
finpulse/server-go/internal/handler/instrument.go:84.25,93.3 1 0
finpulse/server-go/internal/handler/instrument.go:94.2,95.16 2 0
finpulse/server-go/internal/handler/instrument.go:95.16,98.3 2 0
finpulse/server-go/internal/handler/instrument.go:99.2,100.28 2 0
finpulse/server-go/internal/handler/instrument.go:100.28,102.3 1 0
finpulse/server-go/internal/handler/instrument.go:103.2,103.33 1 0
finpulse/server-go/internal/handler/instrument.go:106.53,115.48 3 0
finpulse/server-go/internal/handler/instrument.go:115.48,118.3 2 0
finpulse/server-go/internal/handler/instrument.go:119.2,128.16 3 0
finpulse/server-go/internal/handler/instrument.go:128.16,129.46 1 0
finpulse/server-go/internal/handler/instrument.go:129.46,132.4 2 0
finpulse/server-go/internal/handler/instrument.go:133.3,134.9 2 0
finpulse/server-go/internal/handler/instrument.go:136.2,136.51 1 0
finpulse/server-go/internal/handler/instrument.go:139.53,142.16 3 0
finpulse/server-go/internal/handler/instrument.go:142.16,145.3 2 0
finpulse/server-go/internal/handler/instrument.go:146.2,146.9 1 0
finpulse/server-go/internal/handler/instrument.go:146.9,149.3 2 0
finpulse/server-go/internal/handler/instrument.go:150.2,150.32 1 0
finpulse/server-go/internal/handler/instrument.go:153.50,162.2 1 1
finpulse/server-go/internal/handler/market_data.go:13.50,15.2 1 1
finpulse/server-go/internal/handler/market_data.go:17.59,19.16 2 1
finpulse/server-go/internal/handler/market_data.go:19.16,21.3 1 1
finpulse/server-go/internal/handler/market_data.go:22.2,22.16 1 1
finpulse/server-go/internal/handler/market_data.go:22.16,24.3 1 1
finpulse/server-go/internal/handler/market_data.go:25.2,25.17 1 1
finpulse/server-go/internal/handler/market_data.go:28.50,29.53 1 0
finpulse/server-go/internal/handler/market_data.go:29.53,33.3 3 0
finpulse/server-go/internal/handler/market_data.go:36.49,38.47 1 0
finpulse/server-go/internal/handler/market_data.go:38.47,38.106 1 0
finpulse/server-go/internal/handler/market_data.go:42.52,53.48 2 0
finpulse/server-go/internal/handler/market_data.go:53.48,56.3 2 0
finpulse/server-go/internal/handler/market_data.go:57.2,58.9 2 0
finpulse/server-go/internal/handler/market_data.go:58.9,61.3 2 0
finpulse/server-go/internal/handler/market_data.go:62.2,64.16 3 0
finpulse/server-go/internal/handler/market_data.go:64.16,67.3 2 0
finpulse/server-go/internal/handler/market_data.go:68.2,68.56 1 0
finpulse/server-go/internal/handler/market_data.go:71.57,82.48 2 0
finpulse/server-go/internal/handler/market_data.go:82.48,85.3 2 0
finpulse/server-go/internal/handler/market_data.go:86.2,87.25 2 0
finpulse/server-go/internal/handler/market_data.go:87.25,89.10 2 0
finpulse/server-go/internal/handler/market_data.go:89.10,92.4 2 0
finpulse/server-go/internal/handler/market_data.go:93.3,93.206 1 0
finpulse/server-go/internal/handler/market_data.go:95.2,96.16 2 0
finpulse/server-go/internal/handler/market_data.go:96.16,99.3 2 0
finpulse/server-go/internal/handler/market_data.go:100.2,101.28 2 0
finpulse/server-go/internal/handler/market_data.go:101.28,103.3 1 0
finpulse/server-go/internal/handler/market_data.go:104.2,104.33 1 0
finpulse/server-go/internal/handler/market_data.go:107.52,119.48 3 0
finpulse/server-go/internal/handler/market_data.go:119.48,122.3 2 0
finpulse/server-go/internal/handler/market_data.go:123.2,124.9 2 0
finpulse/server-go/internal/handler/market_data.go:124.9,127.3 2 0
finpulse/server-go/internal/handler/market_data.go:128.2,130.16 3 0
finpulse/server-go/internal/handler/market_data.go:130.16,133.3 2 0
finpulse/server-go/internal/handler/market_data.go:134.2,134.51 1 0
finpulse/server-go/internal/handler/market_data.go:137.52,138.85 1 0
finpulse/server-go/internal/handler/market_data.go:138.85,140.3 1 0
finpulse/server-go/internal/handler/order_trade.go:14.40,16.2 1 1
finpulse/server-go/internal/handler/order_trade.go:18.46,19.48 1 0
finpulse/server-go/internal/handler/order_trade.go:19.48,23.3 3 0
finpulse/server-go/internal/handler/order_trade.go:26.45,28.42 1 0
finpulse/server-go/internal/handler/order_trade.go:28.42,28.96 1 0
finpulse/server-go/internal/handler/order_trade.go:32.48,41.48 2 0
finpulse/server-go/internal/handler/order_trade.go:41.48,44.3 2 0
finpulse/server-go/internal/handler/order_trade.go:45.2,45.23 1 0
finpulse/server-go/internal/handler/order_trade.go:45.23,47.3 1 0
finpulse/server-go/internal/handler/order_trade.go:48.2,50.16 3 0
finpulse/server-go/internal/handler/order_trade.go:50.16,53.3 2 0
finpulse/server-go/internal/handler/order_trade.go:54.2,54.51 1 0
finpulse/server-go/internal/handler/order_trade.go:57.53,66.48 2 0
finpulse/server-go/internal/handler/order_trade.go:66.48,69.3 2 0
finpulse/server-go/internal/handler/order_trade.go:70.2,71.25 2 0
finpulse/server-go/internal/handler/order_trade.go:71.25,73.19 2 0
finpulse/server-go/internal/handler/order_trade.go:73.19,75.4 1 0
finpulse/server-go/internal/handler/order_trade.go:76.3,76.189 1 0
finpulse/server-go/internal/handler/order_trade.go:78.2,79.16 2 0
finpulse/server-go/internal/handler/order_trade.go:79.16,82.3 2 0
finpulse/server-go/internal/handler/order_trade.go:83.2,84.28 2 0
finpulse/server-go/internal/handler/order_trade.go:84.28,86.3 1 0
finpulse/server-go/internal/handler/order_trade.go:87.2,87.33 1 0
finpulse/server-go/internal/handler/order_trade.go:90.48,100.48 3 0
finpulse/server-go/internal/handler/order_trade.go:100.48,103.3 2 0
finpulse/server-go/internal/handler/order_trade.go:104.2,105.16 2 0
finpulse/server-go/internal/handler/order_trade.go:105.16,106.46 1 0
finpulse/server-go/internal/handler/order_trade.go:106.46,109.4 2 0
finpulse/server-go/internal/handler/order_trade.go:110.3,111.9 2 0
finpulse/server-go/internal/handler/order_trade.go:113.2,115.16 3 0
finpulse/server-go/internal/handler/order_trade.go:115.16,118.3 2 0
finpulse/server-go/internal/handler/order_trade.go:119.2,119.46 1 0
finpulse/server-go/internal/handler/order_trade.go:122.48,123.80 1 0
finpulse/server-go/internal/handler/order_trade.go:123.80,125.3 1 0
finpulse/server-go/internal/handler/order_trade.go:128.40,130.2 1 1
finpulse/server-go/internal/handler/order_trade.go:132.46,133.48 1 0
finpulse/server-go/internal/handler/order_trade.go:133.48,137.3 3 0
finpulse/server-go/internal/handler/order_trade.go:140.45,142.42 1 0
finpulse/server-go/internal/handler/order_trade.go:142.42,142.96 1 0
finpulse/server-go/internal/handler/order_trade.go:146.48,153.48 2 0
finpulse/server-go/internal/handler/order_trade.go:153.48,156.3 2 0
finpulse/server-go/internal/handler/order_trade.go:157.2,159.16 3 0
finpulse/server-go/internal/handler/order_trade.go:159.16,162.3 2 0
finpulse/server-go/internal/handler/order_trade.go:163.2,163.51 1 0
finpulse/server-go/internal/handler/order_trade.go:166.53,173.48 2 0
finpulse/server-go/internal/handler/order_trade.go:173.48,176.3 2 0
finpulse/server-go/internal/handler/order_trade.go:177.2,178.25 2 0
finpulse/server-go/internal/handler/order_trade.go:178.25,180.3 1 0
finpulse/server-go/internal/handler/order_trade.go:181.2,182.16 2 0
finpulse/server-go/internal/handler/order_trade.go:182.16,185.3 2 0
finpulse/server-go/internal/handler/order_trade.go:186.2,187.28 2 0
finpulse/server-go/internal/handler/order_trade.go:187.28,189.3 1 0
finpulse/server-go/internal/handler/order_trade.go:190.2,190.33 1 0
finpulse/server-go/internal/handler/order_trade.go:193.48,201.48 3 0
finpulse/server-go/internal/handler/order_trade.go:201.48,204.3 2 0
finpulse/server-go/internal/handler/order_trade.go:205.2,206.16 2 0
finpulse/server-go/internal/handler/order_trade.go:206.16,207.46 1 0
finpulse/server-go/internal/handler/order_trade.go:207.46,210.4 2 0
finpulse/server-go/internal/handler/order_trade.go:211.3,212.9 2 0
finpulse/server-go/internal/handler/order_trade.go:214.2,216.16 3 0
finpulse/server-go/internal/handler/order_trade.go:216.16,219.3 2 0
finpulse/server-go/internal/handler/order_trade.go:220.2,220.46 1 0
finpulse/server-go/internal/handler/order_trade.go:223.48,224.80 1 0
finpulse/server-go/internal/handler/order_trade.go:224.80,226.3 1 0
finpulse/server-go/internal/handler/payment_settlement.go:15.60,17.2 1 1
finpulse/server-go/internal/handler/payment_settlement.go:19.56,20.58 1 0
finpulse/server-go/internal/handler/payment_settlement.go:20.58,24.3 3 0
finpulse/server-go/internal/handler/payment_settlement.go:27.55,29.52 1 0
finpulse/server-go/internal/handler/payment_settlement.go:29.52,29.116 1 0
finpulse/server-go/internal/handler/payment_settlement.go:33.58,41.48 2 0
finpulse/server-go/internal/handler/payment_settlement.go:41.48,44.3 2 0
finpulse/server-go/internal/handler/payment_settlement.go:45.2,45.23 1 0
finpulse/server-go/internal/handler/payment_settlement.go:45.23,47.3 1 0
finpulse/server-go/internal/handler/payment_settlement.go:48.2,50.16 3 0
finpulse/server-go/internal/handler/payment_settlement.go:50.16,53.3 2 0
finpulse/server-go/internal/handler/payment_settlement.go:54.2,54.61 1 0
finpulse/server-go/internal/handler/payment_settlement.go:57.63,65.48 2 0
finpulse/server-go/internal/handler/payment_settlement.go:65.48,68.3 2 0
finpulse/server-go/internal/handler/payment_settlement.go:69.2,70.25 2 0
finpulse/server-go/internal/handler/payment_settlement.go:70.25,72.19 2 0
finpulse/server-go/internal/handler/payment_settlement.go:72.19,74.4 1 0
finpulse/server-go/internal/handler/payment_settlement.go:75.3,75.169 1 0
finpulse/server-go/internal/handler/payment_settlement.go:77.2,78.16 2 0
finpulse/server-go/internal/handler/payment_settlement.go:78.16,81.3 2 0
finpulse/server-go/internal/handler/payment_settlement.go:82.2,83.28 2 0
finpulse/server-go/internal/handler/payment_settlement.go:83.28,85.3 1 0
finpulse/server-go/internal/handler/payment_settlement.go:86.2,86.33 1 0
finpulse/server-go/internal/handler/payment_settlement.go:89.58,98.48 3 0
finpulse/server-go/internal/handler/payment_settlement.go:98.48,101.3 2 0
finpulse/server-go/internal/handler/payment_settlement.go:102.2,103.16 2 0
finpulse/server-go/internal/handler/payment_settlement.go:103.16,104.46 1 0
finpulse/server-go/internal/handler/payment_settlement.go:104.46,107.4 2 0
finpulse/server-go/internal/handler/payment_settlement.go:108.3,109.9 2 0
finpulse/server-go/internal/handler/payment_settlement.go:111.2,113.16 3 0
finpulse/server-go/internal/handler/payment_settlement.go:113.16,116.3 2 0
finpulse/server-go/internal/handler/payment_settlement.go:117.2,117.56 1 0
finpulse/server-go/internal/handler/payment_settlement.go:120.58,121.97 1 0
finpulse/server-go/internal/handler/payment_settlement.go:121.97,123.3 1 0
finpulse/server-go/internal/handler/payment_settlement.go:126.44,128.2 1 1
finpulse/server-go/internal/handler/payment_settlement.go:130.48,131.50 1 0
finpulse/server-go/internal/handler/payment_settlement.go:131.50,135.3 3 0
finpulse/server-go/internal/handler/payment_settlement.go:138.47,140.44 1 0
finpulse/server-go/internal/handler/payment_settlement.go:140.44,140.100 1 0
finpulse/server-go/internal/handler/payment_settlement.go:144.50,152.48 2 0
finpulse/server-go/internal/handler/payment_settlement.go:152.48,155.3 2 0
finpulse/server-go/internal/handler/payment_settlement.go:156.2,156.23 1 0
finpulse/server-go/internal/handler/payment_settlement.go:156.23,158.3 1 0
finpulse/server-go/internal/handler/payment_settlement.go:159.2,161.16 3 0
finpulse/server-go/internal/handler/payment_settlement.go:161.16,164.3 2 0
finpulse/server-go/internal/handler/payment_settlement.go:165.2,165.53 1 0
finpulse/server-go/internal/handler/payment_settlement.go:168.55,176.48 2 0
finpulse/server-go/internal/handler/payment_settlement.go:176.48,179.3 2 0
finpulse/server-go/internal/handler/payment_settlement.go:180.2,181.25 2 0
finpulse/server-go/internal/handler/payment_settlement.go:181.25,183.19 2 0
finpulse/server-go/internal/handler/payment_settlement.go:183.19,185.4 1 0
finpulse/server-go/internal/handler/payment_settlement.go:186.3,186.173 1 0
finpulse/server-go/internal/handler/payment_settlement.go:188.2,189.16 2 0
finpulse/server-go/internal/handler/payment_settlement.go:189.16,192.3 2 0
finpulse/server-go/internal/handler/payment_settlement.go:193.2,194.28 2 0
finpulse/server-go/internal/handler/payment_settlement.go:194.28,196.3 1 0
finpulse/server-go/internal/handler/payment_settlement.go:197.2,197.33 1 0
finpulse/server-go/internal/handler/payment_settlement.go:200.50,209.48 3 0
finpulse/server-go/internal/handler/payment_settlement.go:209.48,212.3 2 0
finpulse/server-go/internal/handler/payment_settlement.go:213.2,214.16 2 0
finpulse/server-go/internal/handler/payment_settlement.go:214.16,215.46 1 0
finpulse/server-go/internal/handler/payment_settlement.go:215.46,218.4 2 0
finpulse/server-go/internal/handler/payment_settlement.go:219.3,220.9 2 0
finpulse/server-go/internal/handler/payment_settlement.go:222.2,224.16 3 0
finpulse/server-go/internal/handler/payment_settlement.go:224.16,227.3 2 0
finpulse/server-go/internal/handler/payment_settlement.go:228.2,228.48 1 0
finpulse/server-go/internal/handler/payment_settlement.go:231.50,232.84 1 0
finpulse/server-go/internal/handler/payment_settlement.go:232.84,234.3 1 0
finpulse/server-go/internal/handler/payment_settlement.go:237.50,239.2 1 1
finpulse/server-go/internal/handler/payment_settlement.go:241.51,242.53 1 0
finpulse/server-go/internal/handler/payment_settlement.go:242.53,246.3 3 0
finpulse/server-go/internal/handler/payment_settlement.go:249.50,251.47 1 0
finpulse/server-go/internal/handler/payment_settlement.go:251.47,251.106 1 0
finpulse/server-go/internal/handler/payment_settlement.go:255.53,262.48 2 0
finpulse/server-go/internal/handler/payment_settlement.go:262.48,265.3 2 0
finpulse/server-go/internal/handler/payment_settlement.go:266.2,266.23 1 0
finpulse/server-go/internal/handler/payment_settlement.go:266.23,268.3 1 0
finpulse/server-go/internal/handler/payment_settlement.go:269.2,271.16 3 0
finpulse/server-go/internal/handler/payment_settlement.go:271.16,274.3 2 0
finpulse/server-go/internal/handler/payment_settlement.go:275.2,275.56 1 0
finpulse/server-go/internal/handler/payment_settlement.go:278.58,285.48 2 0
finpulse/server-go/internal/handler/payment_settlement.go:285.48,288.3 2 0
finpulse/server-go/internal/handler/payment_settlement.go:289.2,290.25 2 0
finpulse/server-go/internal/handler/payment_settlement.go:290.25,292.19 2 0
finpulse/server-go/internal/handler/payment_settlement.go:292.19,294.4 1 0
finpulse/server-go/internal/handler/payment_settlement.go:295.3,295.153 1 0
finpulse/server-go/internal/handler/payment_settlement.go:297.2,298.16 2 0
finpulse/server-go/internal/handler/payment_settlement.go:298.16,301.3 2 0
finpulse/server-go/internal/handler/payment_settlement.go:302.2,303.28 2 0
finpulse/server-go/internal/handler/payment_settlement.go:303.28,305.3 1 0
finpulse/server-go/internal/handler/payment_settlement.go:306.2,306.33 1 0
finpulse/server-go/internal/handler/payment_settlement.go:309.53,317.48 3 0
finpulse/server-go/internal/handler/payment_settlement.go:317.48,320.3 2 0
finpulse/server-go/internal/handler/payment_settlement.go:321.2,323.16 3 0
finpulse/server-go/internal/handler/payment_settlement.go:323.16,326.3 2 0
finpulse/server-go/internal/handler/payment_settlement.go:327.2,327.51 1 0
finpulse/server-go/internal/handler/payment_settlement.go:330.53,331.90 1 0
finpulse/server-go/internal/handler/payment_settlement.go:331.90,333.3 1 0
finpulse/server-go/internal/handler/portfolio_position.go:15.54,17.2 1 1
finpulse/server-go/internal/handler/portfolio_position.go:19.50,20.58 1 0
finpulse/server-go/internal/handler/portfolio_position.go:20.58,24.3 3 0
finpulse/server-go/internal/handler/portfolio_position.go:27.49,29.52 1 0
finpulse/server-go/internal/handler/portfolio_position.go:29.52,29.110 1 0
finpulse/server-go/internal/handler/portfolio_position.go:33.52,39.48 2 0
finpulse/server-go/internal/handler/portfolio_position.go:39.48,42.3 2 0
finpulse/server-go/internal/handler/portfolio_position.go:43.2,45.16 3 0
finpulse/server-go/internal/handler/portfolio_position.go:45.16,48.3 2 0
finpulse/server-go/internal/handler/portfolio_position.go:49.2,49.55 1 0
finpulse/server-go/internal/handler/portfolio_position.go:52.57,58.48 2 0
finpulse/server-go/internal/handler/portfolio_position.go:58.48,61.3 2 0
finpulse/server-go/internal/handler/portfolio_position.go:62.2,63.25 2 0
finpulse/server-go/internal/handler/portfolio_position.go:63.25,65.3 1 0
finpulse/server-go/internal/handler/portfolio_position.go:66.2,67.16 2 0
finpulse/server-go/internal/handler/portfolio_position.go:67.16,70.3 2 0
finpulse/server-go/internal/handler/portfolio_position.go:71.2,72.28 2 0
finpulse/server-go/internal/handler/portfolio_position.go:72.28,74.3 1 0
finpulse/server-go/internal/handler/portfolio_position.go:75.2,75.33 1 0
finpulse/server-go/internal/handler/portfolio_position.go:78.52,85.48 3 0
finpulse/server-go/internal/handler/portfolio_position.go:85.48,88.3 2 0
finpulse/server-go/internal/handler/portfolio_position.go:89.2,90.16 2 0
finpulse/server-go/internal/handler/portfolio_position.go:90.16,91.46 1 0
finpulse/server-go/internal/handler/portfolio_position.go:91.46,94.4 2 0
finpulse/server-go/internal/handler/portfolio_position.go:95.3,96.9 2 0
finpulse/server-go/internal/handler/portfolio_position.go:98.2,100.16 3 0
finpulse/server-go/internal/handler/portfolio_position.go:100.16,103.3 2 0
finpulse/server-go/internal/handler/portfolio_position.go:104.2,104.50 1 0
finpulse/server-go/internal/handler/portfolio_position.go:107.52,108.88 1 0
finpulse/server-go/internal/handler/portfolio_position.go:108.88,110.3 1 0
finpulse/server-go/internal/handler/portfolio_position.go:113.46,115.2 1 1
finpulse/server-go/internal/handler/portfolio_position.go:117.49,118.51 1 0
finpulse/server-go/internal/handler/portfolio_position.go:118.51,122.3 3 0
finpulse/server-go/internal/handler/portfolio_position.go:125.48,127.45 1 0
finpulse/server-go/internal/handler/portfolio_position.go:127.45,127.102 1 0
finpulse/server-go/internal/handler/portfolio_position.go:131.51,139.48 2 0
finpulse/server-go/internal/handler/portfolio_position.go:139.48,142.3 2 0
finpulse/server-go/internal/handler/portfolio_position.go:143.2,143.25 1 0
finpulse/server-go/internal/handler/portfolio_position.go:143.25,145.3 1 0
finpulse/server-go/internal/handler/portfolio_position.go:146.2,148.16 3 0
finpulse/server-go/internal/handler/portfolio_position.go:148.16,151.3 2 0
finpulse/server-go/internal/handler/portfolio_position.go:152.2,152.54 1 0
finpulse/server-go/internal/handler/portfolio_position.go:155.56,163.48 2 0
finpulse/server-go/internal/handler/portfolio_position.go:163.48,166.3 2 0
finpulse/server-go/internal/handler/portfolio_position.go:167.2,169.25 3 0
finpulse/server-go/internal/handler/portfolio_position.go:169.25,171.15 2 0
finpulse/server-go/internal/handler/portfolio_position.go:171.15,173.4 1 0
finpulse/server-go/internal/handler/portfolio_position.go:174.3,174.183 1 0
finpulse/server-go/internal/handler/portfolio_position.go:176.2,177.16 2 0
finpulse/server-go/internal/handler/portfolio_position.go:177.16,180.3 2 0
finpulse/server-go/internal/handler/portfolio_position.go:181.2,182.28 2 0
finpulse/server-go/internal/handler/portfolio_position.go:182.28,184.3 1 0
finpulse/server-go/internal/handler/portfolio_position.go:185.2,185.33 1 0
finpulse/server-go/internal/handler/portfolio_position.go:188.51,197.48 3 0
finpulse/server-go/internal/handler/portfolio_position.go:197.48,200.3 2 0
finpulse/server-go/internal/handler/portfolio_position.go:201.2,202.16 2 0
finpulse/server-go/internal/handler/portfolio_position.go:202.16,203.46 1 0
finpulse/server-go/internal/handler/portfolio_position.go:203.46,206.4 2 0
finpulse/server-go/internal/handler/portfolio_position.go:207.3,208.9 2 0
finpulse/server-go/internal/handler/portfolio_position.go:210.2,212.16 3 0
finpulse/server-go/internal/handler/portfolio_position.go:212.16,215.3 2 0
finpulse/server-go/internal/handler/portfolio_position.go:216.2,216.49 1 0
finpulse/server-go/internal/handler/portfolio_position.go:219.51,220.86 1 0
finpulse/server-go/internal/handler/portfolio_position.go:220.86,222.3 1 0
finpulse/server-go/internal/handler/proxy.go:13.61,15.2 1 0
finpulse/server-go/internal/handler/proxy.go:17.75,19.2 1 0
finpulse/server-go/internal/handler/proxy.go:21.73,26.30 5 0
finpulse/server-go/internal/handler/proxy.go:26.30,28.28 2 0
finpulse/server-go/internal/handler/proxy.go:28.28,29.29 1 0
finpulse/server-go/internal/handler/proxy.go:29.29,33.5 3 0
finpulse/server-go/internal/handler/proxy.go:35.3,35.27 1 0
finpulse/server-go/internal/handler/proxy.go:35.27,39.4 3 0
finpulse/server-go/internal/handler/proxy.go:40.3,40.60 1 0
finpulse/server-go/internal/handler/proxy.go:44.40,51.29 2 1
finpulse/server-go/internal/handler/proxy.go:51.29,52.33 1 1
finpulse/server-go/internal/handler/proxy.go:52.33,54.4 1 1
finpulse/server-go/internal/handler/proxy.go:56.2,56.14 1 1
finpulse/server-go/internal/handler/proxy.go:59.57,60.40 1 1
finpulse/server-go/internal/handler/proxy.go:60.40,62.3 1 1
finpulse/server-go/internal/handler/proxy.go:63.2,63.51 1 1
finpulse/server-go/internal/handler/user_preference.go:14.55,18.16 4 0
finpulse/server-go/internal/handler/user_preference.go:18.16,21.3 2 0
finpulse/server-go/internal/handler/user_preference.go:22.2,23.25 2 0
finpulse/server-go/internal/handler/user_preference.go:23.25,25.3 1 0
finpulse/server-go/internal/handler/user_preference.go:26.2,26.28 1 0
finpulse/server-go/internal/handler/user_preference.go:29.54,32.16 3 0
finpulse/server-go/internal/handler/user_preference.go:32.16,33.46 1 0
finpulse/server-go/internal/handler/user_preference.go:33.46,36.4 2 0
finpulse/server-go/internal/handler/user_preference.go:37.3,38.9 2 0
finpulse/server-go/internal/handler/user_preference.go:40.2,40.54 1 0
finpulse/server-go/internal/handler/user_preference.go:43.57,50.48 2 0
finpulse/server-go/internal/handler/user_preference.go:50.48,53.3 2 0
finpulse/server-go/internal/handler/user_preference.go:54.2,62.16 3 0
finpulse/server-go/internal/handler/user_preference.go:62.16,65.3 2 0
finpulse/server-go/internal/handler/user_preference.go:66.2,66.60 1 0
finpulse/server-go/internal/handler/user_preference.go:69.62,76.48 2 0
finpulse/server-go/internal/handler/user_preference.go:76.48,79.3 2 0
finpulse/server-go/internal/handler/user_preference.go:80.2,81.25 2 0
finpulse/server-go/internal/handler/user_preference.go:81.25,89.3 1 0
finpulse/server-go/internal/handler/user_preference.go:90.2,91.16 2 0
finpulse/server-go/internal/handler/user_preference.go:91.16,94.3 2 0
finpulse/server-go/internal/handler/user_preference.go:95.2,96.28 2 0
finpulse/server-go/internal/handler/user_preference.go:96.28,98.3 1 0
finpulse/server-go/internal/handler/user_preference.go:99.2,99.33 1 0
finpulse/server-go/internal/handler/user_preference.go:102.57,110.48 3 0
finpulse/server-go/internal/handler/user_preference.go:110.48,113.3 2 0
finpulse/server-go/internal/handler/user_preference.go:114.2,115.16 2 0
finpulse/server-go/internal/handler/user_preference.go:115.16,116.46 1 0
finpulse/server-go/internal/handler/user_preference.go:116.46,119.4 2 0
finpulse/server-go/internal/handler/user_preference.go:120.3,121.9 2 0
finpulse/server-go/internal/handler/user_preference.go:123.2,132.16 3 0
finpulse/server-go/internal/handler/user_preference.go:132.16,135.3 2 0
finpulse/server-go/internal/handler/user_preference.go:136.2,136.55 1 0
finpulse/server-go/internal/handler/user_preference.go:139.57,142.16 3 0
finpulse/server-go/internal/handler/user_preference.go:142.16,145.3 2 0
finpulse/server-go/internal/handler/user_preference.go:146.2,146.9 1 0
finpulse/server-go/internal/handler/user_preference.go:146.9,149.3 2 0
finpulse/server-go/internal/handler/user_preference.go:150.2,150.32 1 0
finpulse/server-go/internal/handler/user_preference.go:153.58,162.2 1 1
finpulse/server-go/internal/handler/watchlist.go:14.50,18.16 4 0
finpulse/server-go/internal/handler/watchlist.go:18.16,21.3 2 0
finpulse/server-go/internal/handler/watchlist.go:22.2,23.25 2 0
finpulse/server-go/internal/handler/watchlist.go:23.25,25.3 1 0
finpulse/server-go/internal/handler/watchlist.go:26.2,26.28 1 0
finpulse/server-go/internal/handler/watchlist.go:29.49,32.16 3 0
finpulse/server-go/internal/handler/watchlist.go:32.16,33.46 1 0
finpulse/server-go/internal/handler/watchlist.go:33.46,36.4 2 0
finpulse/server-go/internal/handler/watchlist.go:37.3,38.9 2 0
finpulse/server-go/internal/handler/watchlist.go:40.2,40.49 1 0
finpulse/server-go/internal/handler/watchlist.go:43.52,48.48 2 0
finpulse/server-go/internal/handler/watchlist.go:48.48,51.3 2 0
finpulse/server-go/internal/handler/watchlist.go:52.2,58.16 3 0
finpulse/server-go/internal/handler/watchlist.go:58.16,61.3 2 0
finpulse/server-go/internal/handler/watchlist.go:62.2,62.55 1 0
finpulse/server-go/internal/handler/watchlist.go:65.57,70.48 2 0
finpulse/server-go/internal/handler/watchlist.go:70.48,73.3 2 0
finpulse/server-go/internal/handler/watchlist.go:74.2,75.25 2 0
finpulse/server-go/internal/handler/watchlist.go:75.25,81.3 1 0
finpulse/server-go/internal/handler/watchlist.go:82.2,83.16 2 0
finpulse/server-go/internal/handler/watchlist.go:83.16,86.3 2 0
finpulse/server-go/internal/handler/watchlist.go:87.2,88.28 2 0
finpulse/server-go/internal/handler/watchlist.go:88.28,90.3 1 0
finpulse/server-go/internal/handler/watchlist.go:91.2,91.33 1 0
finpulse/server-go/internal/handler/watchlist.go:94.52,100.48 3 0
finpulse/server-go/internal/handler/watchlist.go:100.48,103.3 2 0
finpulse/server-go/internal/handler/watchlist.go:104.2,105.16 2 0
finpulse/server-go/internal/handler/watchlist.go:105.16,106.46 1 0
finpulse/server-go/internal/handler/watchlist.go:106.46,109.4 2 0
finpulse/server-go/internal/handler/watchlist.go:110.3,111.9 2 0
finpulse/server-go/internal/handler/watchlist.go:113.2,120.16 3 0
finpulse/server-go/internal/handler/watchlist.go:120.16,123.3 2 0
finpulse/server-go/internal/handler/watchlist.go:124.2,124.50 1 0
finpulse/server-go/internal/handler/watchlist.go:127.52,130.16 3 0
finpulse/server-go/internal/handler/watchlist.go:130.16,133.3 2 0
finpulse/server-go/internal/handler/watchlist.go:134.2,134.9 1 0
finpulse/server-go/internal/handler/watchlist.go:134.9,137.3 2 0
finpulse/server-go/internal/handler/watchlist.go:138.2,138.32 1 0
finpulse/server-go/internal/handler/watchlist.go:141.48,148.2 1 1
finpulse/server-go/internal/handler/watchlist.go:150.54,154.16 4 0
finpulse/server-go/internal/handler/watchlist.go:154.16,157.3 2 0
finpulse/server-go/internal/handler/watchlist.go:158.2,159.25 2 0
finpulse/server-go/internal/handler/watchlist.go:159.25,161.3 1 0
finpulse/server-go/internal/handler/watchlist.go:162.2,162.28 1 0
finpulse/server-go/internal/handler/watchlist.go:165.53,168.16 3 0
finpulse/server-go/internal/handler/watchlist.go:168.16,169.46 1 0
finpulse/server-go/internal/handler/watchlist.go:169.46,172.4 2 0
finpulse/server-go/internal/handler/watchlist.go:173.3,174.9 2 0
finpulse/server-go/internal/handler/watchlist.go:176.2,176.53 1 0
finpulse/server-go/internal/handler/watchlist.go:179.56,184.48 2 0
finpulse/server-go/internal/handler/watchlist.go:184.48,187.3 2 0
finpulse/server-go/internal/handler/watchlist.go:188.2,194.16 3 0
finpulse/server-go/internal/handler/watchlist.go:194.16,197.3 2 0
finpulse/server-go/internal/handler/watchlist.go:198.2,198.59 1 0
finpulse/server-go/internal/handler/watchlist.go:201.61,206.48 2 0
finpulse/server-go/internal/handler/watchlist.go:206.48,209.3 2 0
finpulse/server-go/internal/handler/watchlist.go:210.2,211.25 2 0
finpulse/server-go/internal/handler/watchlist.go:211.25,217.3 1 0
finpulse/server-go/internal/handler/watchlist.go:218.2,219.16 2 0
finpulse/server-go/internal/handler/watchlist.go:219.16,222.3 2 0
finpulse/server-go/internal/handler/watchlist.go:223.2,224.28 2 0
finpulse/server-go/internal/handler/watchlist.go:224.28,226.3 1 0
finpulse/server-go/internal/handler/watchlist.go:227.2,227.33 1 0
finpulse/server-go/internal/handler/watchlist.go:230.56,236.48 3 0
finpulse/server-go/internal/handler/watchlist.go:236.48,239.3 2 0
finpulse/server-go/internal/handler/watchlist.go:240.2,241.16 2 0
finpulse/server-go/internal/handler/watchlist.go:241.16,242.46 1 0
finpulse/server-go/internal/handler/watchlist.go:242.46,245.4 2 0
finpulse/server-go/internal/handler/watchlist.go:246.3,247.9 2 0
finpulse/server-go/internal/handler/watchlist.go:249.2,256.16 3 0
finpulse/server-go/internal/handler/watchlist.go:256.16,259.3 2 0
finpulse/server-go/internal/handler/watchlist.go:260.2,260.54 1 0
finpulse/server-go/internal/handler/watchlist.go:263.56,266.16 3 0
finpulse/server-go/internal/handler/watchlist.go:266.16,269.3 2 0
finpulse/server-go/internal/handler/watchlist.go:270.2,270.9 1 0
finpulse/server-go/internal/handler/watchlist.go:270.9,273.3 2 0
finpulse/server-go/internal/handler/watchlist.go:274.2,274.32 1 0
finpulse/server-go/internal/handler/watchlist.go:277.56,284.2 1 1
finpulse/server-go/docs/docs.go:22.13,24.2 1 0
finpulse/server-go/internal/infrastructure/storage/s3.go:25.51,30.16 2 0
finpulse/server-go/internal/infrastructure/storage/s3.go:30.16,32.3 1 0
finpulse/server-go/internal/infrastructure/storage/s3.go:33.2,34.22 2 0
finpulse/server-go/internal/infrastructure/storage/s3.go:34.22,35.63 1 0
finpulse/server-go/internal/infrastructure/storage/s3.go:35.63,37.4 1 0
finpulse/server-go/internal/infrastructure/storage/s3.go:39.2,39.16 1 0
finpulse/server-go/internal/infrastructure/storage/s3.go:42.60,44.16 2 0
finpulse/server-go/internal/infrastructure/storage/s3.go:44.16,46.3 1 0
finpulse/server-go/internal/infrastructure/storage/s3.go:47.2,47.13 1 0
finpulse/server-go/internal/infrastructure/storage/s3.go:47.13,49.3 1 0
finpulse/server-go/internal/infrastructure/storage/s3.go:50.2,50.12 1 0
finpulse/server-go/internal/infrastructure/storage/s3.go:53.89,56.2 2 0
finpulse/server-go/internal/infrastructure/storage/s3.go:58.86,60.16 2 0
finpulse/server-go/internal/infrastructure/storage/s3.go:60.16,62.3 1 0
finpulse/server-go/internal/infrastructure/storage/s3.go:63.2,64.24 2 0
finpulse/server-go/internal/infrastructure/storage/s3.go:67.86,70.22 3 0
finpulse/server-go/internal/infrastructure/storage/s3.go:70.22,71.21 1 0
finpulse/server-go/internal/infrastructure/storage/s3.go:71.21,73.4 1 0
finpulse/server-go/internal/infrastructure/storage/s3.go:74.3,74.33 1 0
finpulse/server-go/internal/infrastructure/storage/s3.go:76.2,76.19 1 0
finpulse/server-go/internal/infrastructure/storage/s3.go:79.79,81.2 1 0
finpulse/server-go/internal/infrastructure/storage/s3.go:83.36,85.2 1 0
finpulse/server-go/internal/infrastructure/storage/s3.go:87.46,89.31 2 0
finpulse/server-go/internal/infrastructure/storage/s3.go:89.31,91.3 1 0
finpulse/server-go/internal/infrastructure/storage/s3.go:92.2,92.38 1 0
finpulse/server-go/internal/infrastructure/cache/quote_cache.go:23.54,25.2 1 0
finpulse/server-go/internal/infrastructure/cache/quote_cache.go:34.104,35.21 1 0
finpulse/server-go/internal/infrastructure/cache/quote_cache.go:35.21,37.3 1 0
finpulse/server-go/internal/infrastructure/cache/quote_cache.go:38.2,39.28 2 0
finpulse/server-go/internal/infrastructure/cache/quote_cache.go:39.28,41.20 2 0
finpulse/server-go/internal/infrastructure/cache/quote_cache.go:41.20,43.4 1 0
finpulse/server-go/internal/infrastructure/cache/quote_cache.go:45.2,45.25 1 0
finpulse/server-go/internal/infrastructure/cache/quote_cache.go:45.25,47.3 1 0
finpulse/server-go/internal/infrastructure/cache/quote_cache.go:48.2,49.30 2 0
finpulse/server-go/internal/infrastructure/cache/quote_cache.go:49.30,51.3 1 0
finpulse/server-go/internal/infrastructure/cache/quote_cache.go:52.2,53.16 2 0
finpulse/server-go/internal/infrastructure/cache/quote_cache.go:53.16,55.3 1 0
finpulse/server-go/internal/infrastructure/cache/quote_cache.go:56.2,57.30 2 0
finpulse/server-go/internal/infrastructure/cache/quote_cache.go:57.30,58.17 1 0
finpulse/server-go/internal/infrastructure/cache/quote_cache.go:58.17,59.12 1 0
finpulse/server-go/internal/infrastructure/cache/quote_cache.go:61.3,62.26 2 0
finpulse/server-go/internal/infrastructure/cache/quote_cache.go:63.15,64.20 1 0
finpulse/server-go/internal/infrastructure/cache/quote_cache.go:65.15,66.12 1 0
finpulse/server-go/internal/infrastructure/cache/quote_cache.go:67.11,68.12 1 0
finpulse/server-go/internal/infrastructure/cache/quote_cache.go:70.3,71.54 2 0
finpulse/server-go/internal/infrastructure/cache/quote_cache.go:71.54,72.12 1 0
finpulse/server-go/internal/infrastructure/cache/quote_cache.go:74.3,75.14 2 0
finpulse/server-go/internal/infrastructure/cache/quote_cache.go:75.14,77.4 1 0
finpulse/server-go/internal/infrastructure/cache/quote_cache.go:78.3,84.4 1 0
finpulse/server-go/internal/infrastructure/cache/quote_cache.go:86.2,86.20 1 0
finpulse/server-go/internal/infrastructure/cache/quote_cache.go:89.91,90.41 1 0
finpulse/server-go/internal/infrastructure/cache/quote_cache.go:90.41,92.3 1 0
finpulse/server-go/internal/infrastructure/cache/quote_cache.go:93.2,94.33 2 0
finpulse/server-go/internal/infrastructure/cache/quote_cache.go:94.33,104.3 4 0
finpulse/server-go/internal/infrastructure/cache/quote_cache.go:105.2,106.12 2 0
finpulse/server-go/internal/infrastructure/cache/redis.go:21.54,23.2 1 0
finpulse/server-go/internal/infrastructure/cache/redis.go:25.80,26.21 1 0
finpulse/server-go/internal/infrastructure/cache/redis.go:26.21,28.3 1 0
finpulse/server-go/internal/infrastructure/cache/redis.go:29.2,30.22 2 0
finpulse/server-go/internal/infrastructure/cache/redis.go:30.22,32.3 1 0
finpulse/server-go/internal/infrastructure/cache/redis.go:33.2,33.16 1 0
finpulse/server-go/internal/infrastructure/cache/redis.go:33.16,35.3 1 0
finpulse/server-go/internal/infrastructure/cache/redis.go:36.2,37.56 2 0
finpulse/server-go/internal/infrastructure/cache/redis.go:37.56,39.3 1 0
finpulse/server-go/internal/infrastructure/cache/redis.go:40.2,40.15 1 0
finpulse/server-go/internal/infrastructure/cache/redis.go:43.100,44.21 1 0
finpulse/server-go/internal/infrastructure/cache/redis.go:44.21,46.3 1 0
finpulse/server-go/internal/infrastructure/cache/redis.go:47.2,47.21 1 0
finpulse/server-go/internal/infrastructure/cache/redis.go:47.21,49.3 1 0
finpulse/server-go/internal/infrastructure/cache/redis.go:50.2,51.16 2 0
finpulse/server-go/internal/infrastructure/cache/redis.go:51.16,53.3 1 0
finpulse/server-go/internal/infrastructure/cache/redis.go:54.2,54.85 1 0
finpulse/server-go/internal/infrastructure/cache/redis.go:57.72,58.39 1 0
finpulse/server-go/internal/infrastructure/cache/redis.go:58.39,60.3 1 0
finpulse/server-go/internal/infrastructure/cache/redis.go:61.2,61.41 1 0
finpulse/server-go/internal/infrastructure/cache/redis.go:64.79,65.21 1 0
finpulse/server-go/internal/infrastructure/cache/redis.go:65.21,67.3 1 0
finpulse/server-go/internal/infrastructure/cache/redis.go:68.2,70.21 3 0
finpulse/server-go/internal/infrastructure/cache/redis.go:70.21,72.3 1 0
finpulse/server-go/internal/infrastructure/cache/redis.go:73.2,73.35 1 0
finpulse/server-go/internal/infrastructure/cache/redis.go:73.35,75.3 1 0
finpulse/server-go/internal/infrastructure/cache/redis.go:76.2,76.19 1 0
finpulse/server-go/internal/infrastructure/cache/redis.go:76.19,78.3 1 0
finpulse/server-go/internal/infrastructure/cache/redis.go:79.2,79.12 1 0
finpulse/server-go/internal/domain/identity.go:15.44,16.19 1 0
finpulse/server-go/internal/domain/identity.go:16.19,18.3 1 0
finpulse/server-go/internal/domain/identity.go:19.2,19.18 1 0
finpulse/server-go/internal/domain/identity.go:19.18,21.3 1 0
finpulse/server-go/internal/domain/identity.go:22.2,22.14 1 0
finpulse/server-go/internal/domain/identity.go:25.71,26.38 1 0
finpulse/server-go/internal/domain/identity.go:26.38,28.3 1 0
finpulse/server-go/internal/domain/identity.go:29.2,29.15 1 0
finpulse/server-go/internal/domain/identity.go:29.15,31.3 1 0
finpulse/server-go/internal/domain/identity.go:32.2,32.16 1 0
finpulse/server-go/internal/domain/identity.go:35.91,37.16 2 0
finpulse/server-go/internal/domain/identity.go:37.16,39.3 1 0
finpulse/server-go/internal/domain/identity.go:40.2,42.24 3 0
finpulse/server-go/internal/domain/identity.go:42.24,44.3 1 0
finpulse/server-go/internal/domain/identity.go:45.2,45.13 1 0
finpulse/server-go/internal/domain/identity.go:45.13,47.3 1 0
finpulse/server-go/internal/domain/identity.go:48.2,48.29 1 0
finpulse/server-go/internal/domain/identity.go:58.100,61.67 3 0
finpulse/server-go/internal/domain/identity.go:61.67,64.3 2 0
finpulse/server-go/internal/domain/identity.go:65.2,66.65 2 0
finpulse/server-go/internal/domain/identity.go:66.65,69.3 2 0
finpulse/server-go/internal/domain/identity.go:70.2,71.44 2 0
finpulse/server-go/internal/domain/identity.go:71.44,74.3 2 0
finpulse/server-go/internal/domain/identity.go:75.2,76.30 2 0
finpulse/server-go/internal/domain/identity.go:76.30,79.3 2 0
finpulse/server-go/internal/domain/identity.go:80.2,80.17 1 0
finpulse/server-go/internal/domain/identity.go:80.17,82.3 1 0
finpulse/server-go/internal/domain/identity.go:83.2,88.3 1 0
finpulse/server-go/internal/infrastructure/persistence/account_repo.go:18.54,20.2 1 0
finpulse/server-go/internal/infrastructure/persistence/account_repo.go:22.95,28.16 3 0
finpulse/server-go/internal/infrastructure/persistence/account_repo.go:28.16,29.36 1 0
finpulse/server-go/internal/infrastructure/persistence/account_repo.go:29.36,31.4 1 0
finpulse/server-go/internal/infrastructure/persistence/account_repo.go:32.3,32.18 1 0
finpulse/server-go/internal/infrastructure/persistence/account_repo.go:34.2,34.16 1 0
finpulse/server-go/internal/infrastructure/persistence/account_repo.go:37.94,41.16 2 0
finpulse/server-go/internal/infrastructure/persistence/account_repo.go:41.16,43.3 1 0
finpulse/server-go/internal/infrastructure/persistence/account_repo.go:44.2,46.18 3 0
finpulse/server-go/internal/infrastructure/persistence/account_repo.go:46.18,48.117 2 0
finpulse/server-go/internal/infrastructure/persistence/account_repo.go:48.117,50.4 1 0
finpulse/server-go/internal/infrastructure/persistence/account_repo.go:51.3,51.25 1 0
finpulse/server-go/internal/infrastructure/persistence/account_repo.go:53.2,53.25 1 0
finpulse/server-go/internal/infrastructure/persistence/account_repo.go:56.92,62.16 2 0
finpulse/server-go/internal/infrastructure/persistence/account_repo.go:62.16,64.3 1 0
finpulse/server-go/internal/infrastructure/persistence/account_repo.go:65.2,65.15 1 0
finpulse/server-go/internal/infrastructure/persistence/account_repo.go:68.105,69.24 1 0
finpulse/server-go/internal/infrastructure/persistence/account_repo.go:69.24,71.3 1 0
finpulse/server-go/internal/infrastructure/persistence/account_repo.go:72.2,73.29 2 0
finpulse/server-go/internal/infrastructure/persistence/account_repo.go:73.29,76.3 1 0
finpulse/server-go/internal/infrastructure/persistence/account_repo.go:77.2,79.21 3 0
finpulse/server-go/internal/infrastructure/persistence/account_repo.go:79.21,80.38 1 0
finpulse/server-go/internal/infrastructure/persistence/account_repo.go:80.38,82.4 1 0
finpulse/server-go/internal/infrastructure/persistence/account_repo.go:84.2,84.22 1 0
finpulse/server-go/internal/infrastructure/persistence/account_repo.go:87.93,91.16 2 0
finpulse/server-go/internal/infrastructure/persistence/account_repo.go:91.16,93.3 1 0
finpulse/server-go/internal/infrastructure/persistence/account_repo.go:94.2,94.29 1 0
finpulse/server-go/internal/infrastructure/persistence/account_repo.go:94.29,96.3 1 0
finpulse/server-go/internal/infrastructure/persistence/account_repo.go:97.2,97.36 1 0
finpulse/server-go/internal/infrastructure/persistence/account_repo.go:100.83,102.16 2 0
finpulse/server-go/internal/infrastructure/persistence/account_repo.go:102.16,104.3 1 0
finpulse/server-go/internal/infrastructure/persistence/account_repo.go:105.2,105.36 1 0
finpulse/server-go/internal/infrastructure/persistence/auth_repo.go:15.38,17.40 2 0
finpulse/server-go/internal/infrastructure/persistence/auth_repo.go:17.40,19.3 1 0
finpulse/server-go/internal/infrastructure/persistence/auth_repo.go:20.2,20.50 1 0
finpulse/server-go/internal/infrastructure/persistence/auth_repo.go:29.48,31.2 1 0
finpulse/server-go/internal/infrastructure/persistence/auth_repo.go:33.140,38.35 2 0
finpulse/server-go/internal/infrastructure/persistence/auth_repo.go:38.35,40.3 1 0
finpulse/server-go/internal/infrastructure/persistence/auth_repo.go:41.2,41.16 1 0
finpulse/server-go/internal/infrastructure/persistence/auth_repo.go:41.16,43.3 1 0
finpulse/server-go/internal/infrastructure/persistence/auth_repo.go:44.2,44.44 1 0
finpulse/server-go/internal/infrastructure/persistence/auth_repo.go:47.101,53.2 2 0
finpulse/server-go/internal/infrastructure/persistence/auth_repo.go:55.100,57.16 2 0
finpulse/server-go/internal/infrastructure/persistence/auth_repo.go:57.16,59.3 1 0
finpulse/server-go/internal/infrastructure/persistence/auth_repo.go:60.2,65.16 3 0
finpulse/server-go/internal/infrastructure/persistence/auth_repo.go:65.16,67.3 1 0
finpulse/server-go/internal/infrastructure/persistence/auth_repo.go:68.2,68.19 1 0
finpulse/server-go/internal/infrastructure/persistence/auth_repo.go:71.119,76.35 2 0
finpulse/server-go/internal/infrastructure/persistence/auth_repo.go:76.35,78.3 1 0
finpulse/server-go/internal/infrastructure/persistence/auth_repo.go:79.2,79.16 1 0
finpulse/server-go/internal/infrastructure/persistence/auth_repo.go:79.16,81.3 1 0
finpulse/server-go/internal/infrastructure/persistence/auth_repo.go:82.2,82.30 1 0
finpulse/server-go/internal/infrastructure/persistence/auth_repo.go:85.82,88.2 2 0
finpulse/server-go/internal/infrastructure/persistence/auth_repo.go:90.99,96.2 2 0
finpulse/server-go/internal/infrastructure/persistence/blockchain_repo.go:19.72,21.2 1 0
finpulse/server-go/internal/infrastructure/persistence/blockchain_repo.go:23.141,26.16 3 0
finpulse/server-go/internal/infrastructure/persistence/blockchain_repo.go:26.16,28.3 1 0
finpulse/server-go/internal/infrastructure/persistence/blockchain_repo.go:29.2,32.16 2 0
finpulse/server-go/internal/infrastructure/persistence/blockchain_repo.go:32.16,34.3 1 0
finpulse/server-go/internal/infrastructure/persistence/blockchain_repo.go:35.2,35.24 1 0
finpulse/server-go/internal/infrastructure/persistence/blockchain_repo.go:35.24,40.17 2 0
finpulse/server-go/internal/infrastructure/persistence/blockchain_repo.go:40.17,42.4 1 0
finpulse/server-go/internal/infrastructure/persistence/blockchain_repo.go:44.2,44.12 1 0
finpulse/server-go/internal/infrastructure/persistence/blockchain_repo.go:47.108,53.16 3 0
finpulse/server-go/internal/infrastructure/persistence/blockchain_repo.go:53.16,54.36 1 0
finpulse/server-go/internal/infrastructure/persistence/blockchain_repo.go:54.36,56.4 1 0
finpulse/server-go/internal/infrastructure/persistence/blockchain_repo.go:57.3,57.18 1 0
finpulse/server-go/internal/infrastructure/persistence/blockchain_repo.go:59.2,62.16 2 0
[...]
finpulse/server-go/internal/infrastructure/persistence/position_repo.go:45.2,47.18 3 0
finpulse/server-go/internal/infrastructure/persistence/position_repo.go:47.18,49.123 2 0
finpulse/server-go/internal/infrastructure/persistence/position_repo.go:49.123,51.4 1 0
finpulse/server-go/internal/infrastructure/persistence/position_repo.go:52.3,52.25 1 0
finpulse/server-go/internal/infrastructure/persistence/position_repo.go:54.2,54.25 1 0
finpulse/server-go/internal/infrastructure/persistence/position_repo.go:57.95,58.22 1 0
finpulse/server-go/internal/infrastructure/persistence/position_repo.go:58.22,60.3 1 0
finpulse/server-go/internal/infrastructure/persistence/position_repo.go:61.2,66.16 2 0
finpulse/server-go/internal/infrastructure/persistence/position_repo.go:66.16,68.3 1 0
finpulse/server-go/internal/infrastructure/persistence/position_repo.go:69.2,69.15 1 0
finpulse/server-go/internal/infrastructure/persistence/position_repo.go:72.108,73.24 1 0
finpulse/server-go/internal/infrastructure/persistence/position_repo.go:73.24,75.3 1 0
finpulse/server-go/internal/infrastructure/persistence/position_repo.go:76.2,78.26 3 0
finpulse/server-go/internal/infrastructure/persistence/position_repo.go:78.26,80.23 2 0
finpulse/server-go/internal/infrastructure/persistence/position_repo.go:80.23,82.4 1 0
finpulse/server-go/internal/infrastructure/persistence/position_repo.go:83.3,84.85 1 0
finpulse/server-go/internal/infrastructure/persistence/position_repo.go:86.2,88.21 3 0
finpulse/server-go/internal/infrastructure/persistence/position_repo.go:88.21,89.38 1 0
finpulse/server-go/internal/infrastructure/persistence/position_repo.go:89.38,91.4 1 0
finpulse/server-go/internal/infrastructure/persistence/position_repo.go:93.2,93.22 1 0
finpulse/server-go/internal/infrastructure/persistence/position_repo.go:96.96,100.16 2 0
finpulse/server-go/internal/infrastructure/persistence/position_repo.go:100.16,102.3 1 0
finpulse/server-go/internal/infrastructure/persistence/position_repo.go:103.2,103.29 1 0
finpulse/server-go/internal/infrastructure/persistence/position_repo.go:103.29,105.3 1 0
finpulse/server-go/internal/infrastructure/persistence/position_repo.go:106.2,106.37 1 0
finpulse/server-go/internal/infrastructure/persistence/position_repo.go:109.85,111.16 2 0
finpulse/server-go/internal/infrastructure/persistence/position_repo.go:111.16,113.3 1 0
finpulse/server-go/internal/infrastructure/persistence/position_repo.go:114.2,114.36 1 0
finpulse/server-go/internal/infrastructure/persistence/quote_repo.go:15.50,17.2 1 0
finpulse/server-go/internal/infrastructure/persistence/quote_repo.go:19.97,20.23 1 0
finpulse/server-go/internal/infrastructure/persistence/quote_repo.go:20.23,22.3 1 0
finpulse/server-go/internal/infrastructure/persistence/quote_repo.go:23.2,27.16 2 0
finpulse/server-go/internal/infrastructure/persistence/quote_repo.go:27.16,29.3 1 0
finpulse/server-go/internal/infrastructure/persistence/quote_repo.go:30.2,32.18 3 0
finpulse/server-go/internal/infrastructure/persistence/quote_repo.go:32.18,34.82 2 0
finpulse/server-go/internal/infrastructure/persistence/quote_repo.go:34.82,36.4 1 0
finpulse/server-go/internal/infrastructure/persistence/quote_repo.go:37.3,37.23 1 0
finpulse/server-go/internal/infrastructure/persistence/quote_repo.go:39.2,39.24 1 0
finpulse/server-go/internal/infrastructure/persistence/settlement_repo.go:18.60,20.2 1 0
finpulse/server-go/internal/infrastructure/persistence/settlement_repo.go:22.104,28.16 3 0
finpulse/server-go/internal/infrastructure/persistence/settlement_repo.go:28.16,29.36 1 0
finpulse/server-go/internal/infrastructure/persistence/settlement_repo.go:29.36,31.4 1 0
finpulse/server-go/internal/infrastructure/persistence/settlement_repo.go:32.3,32.18 1 0
finpulse/server-go/internal/infrastructure/persistence/settlement_repo.go:34.2,34.16 1 0
finpulse/server-go/internal/infrastructure/persistence/settlement_repo.go:37.100,41.16 2 0
finpulse/server-go/internal/infrastructure/persistence/settlement_repo.go:41.16,43.3 1 0
finpulse/server-go/internal/infrastructure/persistence/settlement_repo.go:44.2,46.18 3 0
finpulse/server-go/internal/infrastructure/persistence/settlement_repo.go:46.18,48.103 2 0
finpulse/server-go/internal/infrastructure/persistence/settlement_repo.go:48.103,50.4 1 0
finpulse/server-go/internal/infrastructure/persistence/settlement_repo.go:51.3,51.25 1 0
finpulse/server-go/internal/infrastructure/persistence/settlement_repo.go:53.2,53.25 1 0
finpulse/server-go/internal/infrastructure/persistence/settlement_repo.go:56.101,62.16 2 0
finpulse/server-go/internal/infrastructure/persistence/settlement_repo.go:62.16,64.3 1 0
finpulse/server-go/internal/infrastructure/persistence/settlement_repo.go:65.2,65.15 1 0
finpulse/server-go/internal/infrastructure/persistence/settlement_repo.go:68.114,69.24 1 0
finpulse/server-go/internal/infrastructure/persistence/settlement_repo.go:69.24,71.3 1 0
finpulse/server-go/internal/infrastructure/persistence/settlement_repo.go:72.2,73.29 2 0
finpulse/server-go/internal/infrastructure/persistence/settlement_repo.go:73.29,76.3 1 0
finpulse/server-go/internal/infrastructure/persistence/settlement_repo.go:77.2,79.21 3 0
finpulse/server-go/internal/infrastructure/persistence/settlement_repo.go:79.21,80.38 1 0
finpulse/server-go/internal/infrastructure/persistence/settlement_repo.go:80.38,82.4 1 0
finpulse/server-go/internal/infrastructure/persistence/settlement_repo.go:84.2,84.22 1 0
finpulse/server-go/internal/infrastructure/persistence/settlement_repo.go:87.102,91.16 2 0
finpulse/server-go/internal/infrastructure/persistence/settlement_repo.go:91.16,93.3 1 0
finpulse/server-go/internal/infrastructure/persistence/settlement_repo.go:94.2,94.29 1 0
finpulse/server-go/internal/infrastructure/persistence/settlement_repo.go:94.29,96.3 1 0
finpulse/server-go/internal/infrastructure/persistence/settlement_repo.go:97.2,97.39 1 0
finpulse/server-go/internal/infrastructure/persistence/settlement_repo.go:100.89,102.16 2 0
finpulse/server-go/internal/infrastructure/persistence/settlement_repo.go:102.16,104.3 1 0
finpulse/server-go/internal/infrastructure/persistence/settlement_repo.go:105.2,105.36 1 0
finpulse/server-go/internal/infrastructure/persistence/trade_repo.go:18.50,20.2 1 0
finpulse/server-go/internal/infrastructure/persistence/trade_repo.go:22.89,28.16 3 0
finpulse/server-go/internal/infrastructure/persistence/trade_repo.go:28.16,29.36 1 0
finpulse/server-go/internal/infrastructure/persistence/trade_repo.go:29.36,31.4 1 0
finpulse/server-go/internal/infrastructure/persistence/trade_repo.go:32.3,32.18 1 0
finpulse/server-go/internal/infrastructure/persistence/trade_repo.go:34.2,34.16 1 0
finpulse/server-go/internal/infrastructure/persistence/trade_repo.go:37.90,41.16 2 0
finpulse/server-go/internal/infrastructure/persistence/trade_repo.go:41.16,43.3 1 0
finpulse/server-go/internal/infrastructure/persistence/trade_repo.go:44.2,46.18 3 0
finpulse/server-go/internal/infrastructure/persistence/trade_repo.go:46.18,48.105 2 0
finpulse/server-go/internal/infrastructure/persistence/trade_repo.go:48.105,50.4 1 0
finpulse/server-go/internal/infrastructure/persistence/trade_repo.go:51.3,51.25 1 0
finpulse/server-go/internal/infrastructure/persistence/trade_repo.go:53.2,53.25 1 0
finpulse/server-go/internal/infrastructure/persistence/trade_repo.go:56.86,62.16 2 0
finpulse/server-go/internal/infrastructure/persistence/trade_repo.go:62.16,64.3 1 0
finpulse/server-go/internal/infrastructure/persistence/trade_repo.go:65.2,65.15 1 0
finpulse/server-go/internal/infrastructure/persistence/trade_repo.go:68.99,69.24 1 0
finpulse/server-go/internal/infrastructure/persistence/trade_repo.go:69.24,71.3 1 0
finpulse/server-go/internal/infrastructure/persistence/trade_repo.go:72.2,73.29 2 0
finpulse/server-go/internal/infrastructure/persistence/trade_repo.go:73.29,75.17 2 0
finpulse/server-go/internal/infrastructure/persistence/trade_repo.go:75.17,78.4 2 0
finpulse/server-go/internal/infrastructure/persistence/trade_repo.go:79.3,80.51 1 0
finpulse/server-go/internal/infrastructure/persistence/trade_repo.go:82.2,84.21 3 0
finpulse/server-go/internal/infrastructure/persistence/trade_repo.go:84.21,85.38 1 0
finpulse/server-go/internal/infrastructure/persistence/trade_repo.go:85.38,87.4 1 0
finpulse/server-go/internal/infrastructure/persistence/trade_repo.go:89.2,89.22 1 0
finpulse/server-go/internal/infrastructure/persistence/trade_repo.go:92.87,96.16 2 0
finpulse/server-go/internal/infrastructure/persistence/trade_repo.go:96.16,98.3 1 0
finpulse/server-go/internal/infrastructure/persistence/trade_repo.go:99.2,99.29 1 0
finpulse/server-go/internal/infrastructure/persistence/trade_repo.go:99.29,101.3 1 0
finpulse/server-go/internal/infrastructure/persistence/trade_repo.go:102.2,102.34 1 0
finpulse/server-go/internal/infrastructure/persistence/trade_repo.go:105.79,107.16 2 0
finpulse/server-go/internal/infrastructure/persistence/trade_repo.go:107.16,109.3 1 0
finpulse/server-go/internal/infrastructure/persistence/trade_repo.go:110.2,110.36 1 0
finpulse/server-go/internal/infrastructure/persistence/tx_manager.go:15.56,17.2 1 0
finpulse/server-go/internal/infrastructure/persistence/tx_manager.go:19.92,21.16 2 0
finpulse/server-go/internal/infrastructure/persistence/tx_manager.go:21.16,23.3 1 0
finpulse/server-go/internal/infrastructure/persistence/tx_manager.go:24.2,25.31 2 0
finpulse/server-go/internal/infrastructure/persistence/tx_manager.go:25.31,27.3 1 0
finpulse/server-go/internal/infrastructure/persistence/tx_manager.go:28.2,28.23 1 0
finpulse/server-go/internal/infrastructure/persistence/user_preference_repo.go:19.68,21.2 1 0
finpulse/server-go/internal/infrastructure/persistence/user_preference_repo.go:23.112,29.16 3 0
finpulse/server-go/internal/infrastructure/persistence/user_preference_repo.go:29.16,30.36 1 0
finpulse/server-go/internal/infrastructure/persistence/user_preference_repo.go:30.36,32.4 1 0
finpulse/server-go/internal/infrastructure/persistence/user_preference_repo.go:33.3,33.18 1 0
finpulse/server-go/internal/infrastructure/persistence/user_preference_repo.go:35.2,35.16 1 0
finpulse/server-go/internal/infrastructure/persistence/user_preference_repo.go:38.108,42.16 2 0
finpulse/server-go/internal/infrastructure/persistence/user_preference_repo.go:42.16,44.3 1 0
finpulse/server-go/internal/infrastructure/persistence/user_preference_repo.go:45.2,47.18 3 0
finpulse/server-go/internal/infrastructure/persistence/user_preference_repo.go:47.18,49.129 2 0
finpulse/server-go/internal/infrastructure/persistence/user_preference_repo.go:49.129,51.4 1 0
finpulse/server-go/internal/infrastructure/persistence/user_preference_repo.go:52.3,52.25 1 0
finpulse/server-go/internal/infrastructure/persistence/user_preference_repo.go:54.2,54.25 1 0
finpulse/server-go/internal/infrastructure/persistence/user_preference_repo.go:57.113,63.16 2 0
finpulse/server-go/internal/infrastructure/persistence/user_preference_repo.go:63.16,65.3 1 0
finpulse/server-go/internal/infrastructure/persistence/user_preference_repo.go:66.2,66.15 1 0
finpulse/server-go/internal/infrastructure/persistence/user_preference_repo.go:69.126,70.24 1 0
finpulse/server-go/internal/infrastructure/persistence/user_preference_repo.go:70.24,72.3 1 0
finpulse/server-go/internal/infrastructure/persistence/user_preference_repo.go:73.2,74.29 2 0
finpulse/server-go/internal/infrastructure/persistence/user_preference_repo.go:74.29,77.3 1 0
finpulse/server-go/internal/infrastructure/persistence/user_preference_repo.go:78.2,81.21 4 0
finpulse/server-go/internal/infrastructure/persistence/user_preference_repo.go:81.21,82.38 1 0
finpulse/server-go/internal/infrastructure/persistence/user_preference_repo.go:82.38,84.4 1 0
finpulse/server-go/internal/infrastructure/persistence/user_preference_repo.go:86.2,86.26 1 0
finpulse/server-go/internal/infrastructure/persistence/user_preference_repo.go:86.26,88.3 1 0
finpulse/server-go/internal/infrastructure/persistence/user_preference_repo.go:89.2,89.22 1 0
finpulse/server-go/internal/infrastructure/persistence/user_preference_repo.go:92.114,96.16 2 0
finpulse/server-go/internal/infrastructure/persistence/user_preference_repo.go:96.16,98.3 1 0
finpulse/server-go/internal/infrastructure/persistence/user_preference_repo.go:99.2,99.29 1 0
finpulse/server-go/internal/infrastructure/persistence/user_preference_repo.go:99.29,101.3 1 0
finpulse/server-go/internal/infrastructure/persistence/user_preference_repo.go:102.2,102.39 1 0
finpulse/server-go/internal/infrastructure/persistence/user_preference_repo.go:105.93,107.16 2 0
finpulse/server-go/internal/infrastructure/persistence/user_preference_repo.go:107.16,109.3 1 0
finpulse/server-go/internal/infrastructure/persistence/user_preference_repo.go:110.2,110.36 1 0
finpulse/server-go/internal/infrastructure/persistence/wallet_balance_repo.go:18.66,20.2 1 0
finpulse/server-go/internal/infrastructure/persistence/wallet_balance_repo.go:22.106,28.16 3 0
finpulse/server-go/internal/infrastructure/persistence/wallet_balance_repo.go:28.16,29.36 1 0
finpulse/server-go/internal/infrastructure/persistence/wallet_balance_repo.go:29.36,31.4 1 0
finpulse/server-go/internal/infrastructure/persistence/wallet_balance_repo.go:32.3,32.16 1 0
finpulse/server-go/internal/infrastructure/persistence/wallet_balance_repo.go:34.2,34.21 1 0
finpulse/server-go/internal/infrastructure/persistence/wallet_balance_repo.go:37.148,44.16 4 0
finpulse/server-go/internal/infrastructure/persistence/wallet_balance_repo.go:44.16,46.3 1 0
finpulse/server-go/internal/infrastructure/persistence/wallet_balance_repo.go:47.2,47.16 1 0
finpulse/server-go/internal/infrastructure/persistence/wallet_balance_repo.go:50.157,59.16 3 0
finpulse/server-go/internal/infrastructure/persistence/wallet_balance_repo.go:59.16,61.3 1 0
finpulse/server-go/internal/infrastructure/persistence/wallet_balance_repo.go:62.2,67.16 3 0
finpulse/server-go/internal/infrastructure/persistence/wallet_balance_repo.go:67.16,69.3 1 0
finpulse/server-go/internal/infrastructure/persistence/wallet_balance_repo.go:70.2,70.16 1 0
finpulse/server-go/internal/infrastructure/persistence/watchlist_item_repo.go:18.66,20.2 1 0
finpulse/server-go/internal/infrastructure/persistence/watchlist_item_repo.go:22.113,28.16 3 0
finpulse/server-go/internal/infrastructure/persistence/watchlist_item_repo.go:28.16,29.36 1 0
finpulse/server-go/internal/infrastructure/persistence/watchlist_item_repo.go:29.36,31.4 1 0
finpulse/server-go/internal/infrastructure/persistence/watchlist_item_repo.go:32.3,32.18 1 0
finpulse/server-go/internal/infrastructure/persistence/watchlist_item_repo.go:34.2,34.16 1 0
finpulse/server-go/internal/infrastructure/persistence/watchlist_item_repo.go:37.106,41.16 2 0
finpulse/server-go/internal/infrastructure/persistence/watchlist_item_repo.go:41.16,43.3 1 0
finpulse/server-go/internal/infrastructure/persistence/watchlist_item_repo.go:44.2,46.18 3 0
finpulse/server-go/internal/infrastructure/persistence/watchlist_item_repo.go:46.18,48.100 2 0
finpulse/server-go/internal/infrastructure/persistence/watchlist_item_repo.go:48.100,50.4 1 0
finpulse/server-go/internal/infrastructure/persistence/watchlist_item_repo.go:51.3,51.25 1 0
finpulse/server-go/internal/infrastructure/persistence/watchlist_item_repo.go:53.2,53.25 1 0
finpulse/server-go/internal/infrastructure/persistence/watchlist_item_repo.go:56.110,62.16 2 0
finpulse/server-go/internal/infrastructure/persistence/watchlist_item_repo.go:62.16,64.3 1 0
finpulse/server-go/internal/infrastructure/persistence/watchlist_item_repo.go:65.2,65.15 1 0
finpulse/server-go/internal/infrastructure/persistence/watchlist_item_repo.go:68.123,69.24 1 0
finpulse/server-go/internal/infrastructure/persistence/watchlist_item_repo.go:69.24,71.3 1 0
finpulse/server-go/internal/infrastructure/persistence/watchlist_item_repo.go:72.2,73.29 2 0
finpulse/server-go/internal/infrastructure/persistence/watchlist_item_repo.go:73.29,76.3 1 0
finpulse/server-go/internal/infrastructure/persistence/watchlist_item_repo.go:77.2,79.21 3 0
finpulse/server-go/internal/infrastructure/persistence/watchlist_item_repo.go:79.21,80.38 1 0
finpulse/server-go/internal/infrastructure/persistence/watchlist_item_repo.go:80.38,82.4 1 0
finpulse/server-go/internal/infrastructure/persistence/watchlist_item_repo.go:84.2,84.22 1 0
finpulse/server-go/internal/infrastructure/persistence/watchlist_item_repo.go:87.111,91.16 2 0
finpulse/server-go/internal/infrastructure/persistence/watchlist_item_repo.go:91.16,93.3 1 0
finpulse/server-go/internal/infrastructure/persistence/watchlist_item_repo.go:94.2,94.29 1 0
finpulse/server-go/internal/infrastructure/persistence/watchlist_item_repo.go:94.29,96.3 1 0
finpulse/server-go/internal/infrastructure/persistence/watchlist_item_repo.go:97.2,97.42 1 0
finpulse/server-go/internal/infrastructure/persistence/watchlist_item_repo.go:100.95,102.16 2 0
finpulse/server-go/internal/infrastructure/persistence/watchlist_item_repo.go:102.16,104.3 1 0
finpulse/server-go/internal/infrastructure/persistence/watchlist_item_repo.go:105.2,105.36 1 0
finpulse/server-go/internal/infrastructure/persistence/watchlist_repo.go:18.58,20.2 1 0
finpulse/server-go/internal/infrastructure/persistence/watchlist_repo.go:22.101,28.16 3 0
finpulse/server-go/internal/infrastructure/persistence/watchlist_repo.go:28.16,29.36 1 0
finpulse/server-go/internal/infrastructure/persistence/watchlist_repo.go:29.36,31.4 1 0
finpulse/server-go/internal/infrastructure/persistence/watchlist_repo.go:32.3,32.18 1 0
finpulse/server-go/internal/infrastructure/persistence/watchlist_repo.go:34.2,34.16 1 0
finpulse/server-go/internal/infrastructure/persistence/watchlist_repo.go:37.98,41.16 2 0
finpulse/server-go/internal/infrastructure/persistence/watchlist_repo.go:41.16,43.3 1 0
finpulse/server-go/internal/infrastructure/persistence/watchlist_repo.go:44.2,46.18 3 0
finpulse/server-go/internal/infrastructure/persistence/watchlist_repo.go:46.18,48.89 2 0
finpulse/server-go/internal/infrastructure/persistence/watchlist_repo.go:48.89,50.4 1 0
finpulse/server-go/internal/infrastructure/persistence/watchlist_repo.go:51.3,51.25 1 0
finpulse/server-go/internal/infrastructure/persistence/watchlist_repo.go:53.2,53.25 1 0
finpulse/server-go/internal/infrastructure/persistence/watchlist_repo.go:56.98,62.16 2 0
finpulse/server-go/internal/infrastructure/persistence/watchlist_repo.go:62.16,64.3 1 0
finpulse/server-go/internal/infrastructure/persistence/watchlist_repo.go:65.2,65.15 1 0
finpulse/server-go/internal/infrastructure/persistence/watchlist_repo.go:68.111,69.24 1 0
finpulse/server-go/internal/infrastructure/persistence/watchlist_repo.go:69.24,71.3 1 0
finpulse/server-go/internal/infrastructure/persistence/watchlist_repo.go:72.2,73.29 2 0
finpulse/server-go/internal/infrastructure/persistence/watchlist_repo.go:73.29,76.3 1 0
finpulse/server-go/internal/infrastructure/persistence/watchlist_repo.go:77.2,79.21 3 0
finpulse/server-go/internal/infrastructure/persistence/watchlist_repo.go:79.21,80.38 1 0
finpulse/server-go/internal/infrastructure/persistence/watchlist_repo.go:80.38,82.4 1 0
finpulse/server-go/internal/infrastructure/persistence/watchlist_repo.go:84.2,84.22 1 0
finpulse/server-go/internal/infrastructure/persistence/watchlist_repo.go:87.99,91.16 2 0
finpulse/server-go/internal/infrastructure/persistence/watchlist_repo.go:91.16,93.3 1 0
finpulse/server-go/internal/infrastructure/persistence/watchlist_repo.go:94.2,94.29 1 0
finpulse/server-go/internal/infrastructure/persistence/watchlist_repo.go:94.29,96.3 1 0
finpulse/server-go/internal/infrastructure/persistence/watchlist_repo.go:97.2,97.38 1 0
finpulse/server-go/internal/infrastructure/persistence/watchlist_repo.go:100.87,102.16 2 0
finpulse/server-go/internal/infrastructure/persistence/watchlist_repo.go:102.16,104.3 1 0
finpulse/server-go/internal/infrastructure/persistence/watchlist_repo.go:105.2,105.36 1 0
